<class 'torch.Tensor'>
Inside ModifiedImageList.from_tensors
50
PREDICTIONS: [torch.Size([50000, 81]), torch.Size([50000, 320])]
lll:  tensor([], device='cuda:0', size=(0, 80), grad_fn=<IndexBackward>)
hiii torch.Size([1, 80])
<class 'torch.Tensor'>
PREDICTIONS: [torch.Size([1000, 81]), torch.Size([1000, 320])]
lll:  tensor([], device='cuda:0', size=(0, 80))
hiii torch.Size([1, 80])
<class 'torch.Tensor'>
PREDICTIONS: [torch.Size([1000, 81]), torch.Size([1000, 320])]
lll:  tensor([[1.6389e-06, 2.7276e-08, 3.5391e-03,  ..., 2.0386e-08, 4.9750e-09,
         2.7810e-09],
        [1.4456e-06, 4.2917e-07, 9.8855e-01,  ..., 3.8455e-08, 2.5112e-07,
         6.2196e-08],
        [2.4906e-08, 7.6991e-09, 1.1195e-06,  ..., 4.8584e-09, 2.7185e-06,
         2.9530e-09],
        ...,
        [9.3113e-06, 6.6642e-06, 1.0348e-02,  ..., 1.6409e-07, 5.0630e-07,
         8.4797e-08],
        [5.6035e-06, 2.3368e-04, 1.0329e-02,  ..., 3.4060e-07, 2.4996e-07,
         4.3328e-07],
        [1.6679e-05, 7.3348e-05, 1.0004e-02,  ..., 3.4933e-07, 1.7450e-06,
         9.9926e-07]], device='cuda:0')
hiii torch.Size([1, 80])
Convergence Delta: tensor([-0.3867], device='cuda:0', dtype=torch.float64)

<class 'torch.Tensor'>
Inside ModifiedImageList.from_tensors
50
PREDICTIONS: [torch.Size([50000, 81]), torch.Size([50000, 320])]
lll:  tensor([], device='cuda:0', size=(0, 80), grad_fn=<IndexBackward>)
hiii torch.Size([1, 80])
<class 'torch.Tensor'>
PREDICTIONS: [torch.Size([1000, 81]), torch.Size([1000, 320])]
lll:  tensor([], device='cuda:0', size=(0, 80))
hiii torch.Size([1, 80])
<class 'torch.Tensor'>
PREDICTIONS: [torch.Size([1000, 81]), torch.Size([1000, 320])]
lll:  tensor([[1.6389e-06, 2.7276e-08, 3.5391e-03,  ..., 2.0386e-08, 4.9750e-09,
         2.7810e-09],
        [1.4456e-06, 4.2917e-07, 9.8855e-01,  ..., 3.8455e-08, 2.5112e-07,
         6.2196e-08],
        [2.4906e-08, 7.6991e-09, 1.1195e-06,  ..., 4.8584e-09, 2.7185e-06,
         2.9530e-09],
        ...,
        [9.3113e-06, 6.6642e-06, 1.0348e-02,  ..., 1.6409e-07, 5.0630e-07,
         8.4797e-08],
        [5.6035e-06, 2.3368e-04, 1.0329e-02,  ..., 3.4060e-07, 2.4996e-07,
         4.3328e-07],
        [1.6679e-05, 7.3348e-05, 1.0004e-02,  ..., 3.4933e-07, 1.7450e-06,
         9.9926e-07]], device='cuda:0')
hiii torch.Size([1, 80])
Convergence Delta: tensor([-4.8766], device='cuda:0', dtype=torch.float64)

<class 'torch.Tensor'>
Inside ModifiedImageList.from_tensors
50
PREDICTIONS: [torch.Size([50000, 81]), torch.Size([50000, 320])]
lll:  tensor([], device='cuda:0', size=(0, 80), grad_fn=<IndexBackward>)
hiii torch.Size([1, 80])
<class 'torch.Tensor'>
PREDICTIONS: [torch.Size([1000, 81]), torch.Size([1000, 320])]
lll:  tensor([], device='cuda:0', size=(0, 80))
hiii torch.Size([1, 80])
<class 'torch.Tensor'>
PREDICTIONS: [torch.Size([1000, 81]), torch.Size([1000, 320])]
lll:  tensor([[1.6389e-06, 2.7276e-08, 3.5391e-03,  ..., 2.0386e-08, 4.9750e-09,
         2.7810e-09],
        [1.4456e-06, 4.2917e-07, 9.8855e-01,  ..., 3.8455e-08, 2.5112e-07,
         6.2196e-08],
        [2.4906e-08, 7.6991e-09, 1.1195e-06,  ..., 4.8584e-09, 2.7185e-06,
         2.9530e-09],
        ...,
        [9.3113e-06, 6.6642e-06, 1.0348e-02,  ..., 1.6409e-07, 5.0630e-07,
         8.4797e-08],
        [5.6035e-06, 2.3368e-04, 1.0329e-02,  ..., 3.4060e-07, 2.4996e-07,
         4.3328e-07],
        [1.6679e-05, 7.3348e-05, 1.0004e-02,  ..., 3.4933e-07, 1.7450e-06,
         9.9926e-07]], device='cuda:0')
hiii torch.Size([1, 80])
Convergence Delta: tensor([-0.0464], device='cuda:0', dtype=torch.float64)

<class 'torch.Tensor'>
Inside ModifiedImageList.from_tensors
50
PREDICTIONS: [torch.Size([50000, 81]), torch.Size([50000, 320])]
lll:  tensor([], device='cuda:0', size=(0, 80), grad_fn=<IndexBackward>)
hiii torch.Size([1, 80])
<class 'torch.Tensor'>
PREDICTIONS: [torch.Size([1000, 81]), torch.Size([1000, 320])]
lll:  tensor([], device='cuda:0', size=(0, 80))
hiii torch.Size([1, 80])
<class 'torch.Tensor'>
PREDICTIONS: [torch.Size([1000, 81]), torch.Size([1000, 320])]
lll:  tensor([[1.6389e-06, 2.7276e-08, 3.5391e-03,  ..., 2.0386e-08, 4.9750e-09,
         2.7810e-09],
        [1.4456e-06, 4.2917e-07, 9.8855e-01,  ..., 3.8455e-08, 2.5112e-07,
         6.2196e-08],
        [2.4906e-08, 7.6991e-09, 1.1195e-06,  ..., 4.8584e-09, 2.7185e-06,
         2.9530e-09],
        ...,
        [9.3113e-06, 6.6642e-06, 1.0348e-02,  ..., 1.6409e-07, 5.0630e-07,
         8.4797e-08],
        [5.6035e-06, 2.3368e-04, 1.0329e-02,  ..., 3.4060e-07, 2.4996e-07,
         4.3328e-07],
        [1.6679e-05, 7.3348e-05, 1.0004e-02,  ..., 3.4933e-07, 1.7450e-06,
         9.9926e-07]], device='cuda:0')
hiii torch.Size([1, 80])
Convergence Delta: tensor([-1.7533], device='cuda:0', dtype=torch.float64)

<class 'torch.Tensor'>
Inside ModifiedImageList.from_tensors
50
PREDICTIONS: [torch.Size([50000, 81]), torch.Size([50000, 320])]
lll:  tensor([], device='cuda:0', size=(0, 80), grad_fn=<IndexBackward>)
hiii torch.Size([1, 80])
<class 'torch.Tensor'>
PREDICTIONS: [torch.Size([1000, 81]), torch.Size([1000, 320])]
lll:  tensor([], device='cuda:0', size=(0, 80))
hiii torch.Size([1, 80])
<class 'torch.Tensor'>
PREDICTIONS: [torch.Size([1000, 81]), torch.Size([1000, 320])]
lll:  tensor([[1.6389e-06, 2.7276e-08, 3.5391e-03,  ..., 2.0386e-08, 4.9750e-09,
         2.7810e-09],
        [1.4456e-06, 4.2917e-07, 9.8855e-01,  ..., 3.8455e-08, 2.5112e-07,
         6.2196e-08],
        [2.4906e-08, 7.6991e-09, 1.1195e-06,  ..., 4.8584e-09, 2.7185e-06,
         2.9530e-09],
        ...,
        [9.3113e-06, 6.6642e-06, 1.0348e-02,  ..., 1.6409e-07, 5.0630e-07,
         8.4797e-08],
        [5.6035e-06, 2.3368e-04, 1.0329e-02,  ..., 3.4060e-07, 2.4996e-07,
         4.3328e-07],
        [1.6679e-05, 7.3348e-05, 1.0004e-02,  ..., 3.4933e-07, 1.7450e-06,
         9.9926e-07]], device='cuda:0')
hiii torch.Size([1, 80])
Convergence Delta: tensor([-1.5630], device='cuda:0', dtype=torch.float64)

<class 'torch.Tensor'>
Inside ModifiedImageList.from_tensors
50
PREDICTIONS: [torch.Size([50000, 81]), torch.Size([50000, 320])]
lll:  tensor([], device='cuda:0', size=(0, 80), grad_fn=<IndexBackward>)
hiii torch.Size([1, 80])
<class 'torch.Tensor'>
PREDICTIONS: [torch.Size([1000, 81]), torch.Size([1000, 320])]
lll:  tensor([], device='cuda:0', size=(0, 80))
hiii torch.Size([1, 80])
<class 'torch.Tensor'>
PREDICTIONS: [torch.Size([1000, 81]), torch.Size([1000, 320])]
lll:  tensor([[1.6389e-06, 2.7276e-08, 3.5391e-03,  ..., 2.0386e-08, 4.9750e-09,
         2.7810e-09],
        [1.4456e-06, 4.2917e-07, 9.8855e-01,  ..., 3.8455e-08, 2.5112e-07,
         6.2196e-08],
        [2.4906e-08, 7.6991e-09, 1.1195e-06,  ..., 4.8584e-09, 2.7185e-06,
         2.9530e-09],
        ...,
        [9.3113e-06, 6.6642e-06, 1.0348e-02,  ..., 1.6409e-07, 5.0630e-07,
         8.4797e-08],
        [5.6035e-06, 2.3368e-04, 1.0329e-02,  ..., 3.4060e-07, 2.4996e-07,
         4.3328e-07],
        [1.6679e-05, 7.3348e-05, 1.0004e-02,  ..., 3.4933e-07, 1.7450e-06,
         9.9926e-07]], device='cuda:0')
hiii torch.Size([1, 80])
Convergence Delta: tensor([-0.0219], device='cuda:0', dtype=torch.float64)
