<class 'torch.Tensor'>
Inside ModifiedImageList.from_tensors
4
PREDICTIONS: [torch.Size([4000, 81]), torch.Size([4000, 320])]
4 [tensor([[4.9508e-07, 4.7570e-08, 5.7478e-06,  ..., 4.0183e-08, 8.3246e-06,
         1.4260e-08],
        [1.5308e-06, 1.3765e-06, 9.7884e-01,  ..., 8.6730e-08, 3.8828e-06,
         1.0502e-06],
        [2.7061e-06, 2.7188e-07, 2.0569e-02,  ..., 2.1188e-07, 1.5706e-07,
         5.4390e-08],
        ...,
        [9.4899e-05, 1.9692e-05, 1.1319e-02,  ..., 1.4923e-06, 9.9375e-06,
         8.7645e-07],
        [9.4899e-05, 1.9692e-05, 1.1319e-02,  ..., 1.4923e-06, 9.9375e-06,
         8.7645e-07],
        [2.1424e-03, 2.3634e-05, 1.0434e-02,  ..., 7.2305e-07, 2.3740e-06,
         1.2870e-06]], device='cuda:0', grad_fn=<IndexBackward>), tensor([[1.6007e-06, 2.7019e-08, 3.4960e-03,  ..., 2.0144e-08, 4.9151e-09,
         2.7505e-09],
        [1.4776e-06, 4.3831e-07, 9.8854e-01,  ..., 3.9906e-08, 2.6227e-07,
         6.5297e-08],
        [2.4506e-08, 7.5068e-09, 1.1173e-06,  ..., 4.6549e-09, 2.6116e-06,
         2.8402e-09],
        ...,
        [1.6382e-06, 6.2556e-06, 1.1818e-02,  ..., 1.3154e-07, 2.4341e-07,
         8.5194e-08],
        [2.0214e-05, 1.0797e-05, 1.1431e-02,  ..., 2.1621e-07, 6.1500e-07,
         1.2520e-07],
        [5.5817e-06, 2.3700e-04, 1.0254e-02,  ..., 3.3064e-07, 2.4347e-07,
         4.3019e-07]], device='cuda:0', grad_fn=<IndexBackward>), tensor([[1.1237e-06, 3.5403e-08, 3.4170e-03,  ..., 2.0967e-08, 5.7795e-09,
         3.4255e-09],
        [8.8409e-07, 2.9125e-07, 9.9188e-01,  ..., 1.7935e-08, 9.1499e-08,
         1.5129e-08],
        [1.9239e-08, 6.5234e-09, 1.5728e-06,  ..., 2.7758e-09, 2.0277e-06,
         2.2702e-09],
        ...,
        [1.0358e-05, 4.2543e-06, 2.1361e-03,  ..., 9.1841e-07, 2.2278e-07,
         2.3018e-07],
        [7.6987e-06, 4.2548e-06, 1.0879e-02,  ..., 2.1211e-07, 1.1049e-06,
         5.6356e-08],
        [2.7529e-06, 3.5164e-06, 1.0294e-02,  ..., 2.4000e-07, 5.3109e-07,
         1.7417e-07]], device='cuda:0', grad_fn=<IndexBackward>), tensor([[2.0249e-06, 1.1257e-07, 9.6794e-06,  ..., 1.0813e-07, 1.5155e-05,
         3.3688e-08],
        [1.6875e-06, 1.6594e-06, 9.7545e-01,  ..., 7.2035e-08, 4.1527e-06,
         1.1236e-06],
        [3.7318e-06, 4.0779e-07, 3.5433e-02,  ..., 2.7852e-07, 3.5158e-07,
         8.1172e-08],
        ...,
        [1.3393e-04, 1.7407e-05, 1.0371e-02,  ..., 1.1084e-06, 6.7364e-06,
         5.6569e-07],
        [1.2949e-03, 2.0766e-04, 8.8653e-04,  ..., 1.1374e-06, 1.5222e-05,
         1.4360e-06],
        [1.2700e-06, 2.2179e-07, 1.0239e-02,  ..., 2.8433e-09, 5.2691e-09,
         3.0818e-09]], device='cuda:0', grad_fn=<IndexBackward>)]
lll:  tensor([[4.9508e-07, 4.7570e-08, 5.7478e-06,  ..., 4.0183e-08, 8.3246e-06,
         1.4260e-08],
        [1.5308e-06, 1.3765e-06, 9.7884e-01,  ..., 8.6730e-08, 3.8828e-06,
         1.0502e-06],
        [2.7061e-06, 2.7188e-07, 2.0569e-02,  ..., 2.1188e-07, 1.5706e-07,
         5.4390e-08],
        ...,
        [9.4899e-05, 1.9692e-05, 1.1319e-02,  ..., 1.4923e-06, 9.9375e-06,
         8.7645e-07],
        [9.4899e-05, 1.9692e-05, 1.1319e-02,  ..., 1.4923e-06, 9.9375e-06,
         8.7645e-07],
        [2.1424e-03, 2.3634e-05, 1.0434e-02,  ..., 7.2305e-07, 2.3740e-06,
         1.2870e-06]], device='cuda:0', grad_fn=<IndexBackward>)
hiii torch.Size([1, 80])
<class 'torch.Tensor'>
Inside ModifiedImageList.from_tensors
4
PREDICTIONS: [torch.Size([4000, 81]), torch.Size([4000, 320])]
4 [tensor([], device='cuda:0', size=(0, 80)), tensor([], device='cuda:0', size=(0, 80)), tensor([], device='cuda:0', size=(0, 80)), tensor([], device='cuda:0', size=(0, 80))]
lll:  tensor([], device='cuda:0', size=(0, 80))
hiii torch.Size([1, 80])
<class 'torch.Tensor'>
Inside ModifiedImageList.from_tensors
4
PREDICTIONS: [torch.Size([4000, 81]), torch.Size([4000, 320])]
4 [tensor([[1.6323e-06, 2.7072e-08, 3.5330e-03,  ..., 2.0256e-08, 4.9401e-09,
         2.7575e-09],
        [1.4514e-06, 4.2984e-07, 9.8857e-01,  ..., 3.8458e-08, 2.5112e-07,
         6.2138e-08],
        [2.4898e-08, 7.6937e-09, 1.1171e-06,  ..., 4.8612e-09, 2.7203e-06,
         2.9518e-09],
        ...,
        [6.1845e-06, 4.1831e-06, 2.2479e-03,  ..., 1.1065e-06, 2.1052e-07,
         2.2741e-07],
        [9.3309e-06, 6.6687e-06, 1.0346e-02,  ..., 1.6416e-07, 5.0658e-07,
         8.4643e-08],
        [5.6459e-06, 2.3581e-04, 1.0341e-02,  ..., 3.4260e-07, 2.5119e-07,
         4.3506e-07]], device='cuda:0'), tensor([[1.6425e-06, 2.7285e-08, 3.5330e-03,  ..., 2.0412e-08, 4.9827e-09,
         2.7825e-09],
        [1.4488e-06, 4.3083e-07, 9.8856e-01,  ..., 3.8598e-08, 2.5198e-07,
         6.2400e-08],
        [2.4879e-08, 7.7221e-09, 1.1236e-06,  ..., 4.8578e-09, 2.7171e-06,
         2.9555e-09],
        ...,
        [6.1444e-06, 4.1573e-06, 2.2404e-03,  ..., 1.1001e-06, 2.0930e-07,
         2.2625e-07],
        [5.5970e-06, 2.3119e-04, 1.0375e-02,  ..., 3.3846e-07, 2.4799e-07,
         4.3060e-07],
        [9.2871e-06, 6.6651e-06, 1.0352e-02,  ..., 1.6347e-07, 5.0498e-07,
         8.4605e-08]], device='cuda:0'), tensor([[1.6314e-06, 2.7191e-08, 3.5334e-03,  ..., 2.0342e-08, 4.9608e-09,
         2.7740e-09],
        [1.4408e-06, 4.2710e-07, 9.8854e-01,  ..., 3.8387e-08, 2.5027e-07,
         6.1961e-08],
        [2.4890e-08, 7.6750e-09, 1.1173e-06,  ..., 4.8444e-09, 2.7158e-06,
         2.9520e-09],
        ...,
        [9.3794e-06, 6.6670e-06, 1.0280e-02,  ..., 1.6477e-07, 5.0777e-07,
         8.5122e-08],
        [5.5704e-06, 2.3352e-04, 1.0233e-02,  ..., 3.3989e-07, 2.4954e-07,
         4.3372e-07],
        [1.6709e-05, 7.3424e-05, 1.0027e-02,  ..., 3.4920e-07, 1.7463e-06,
         9.9977e-07]], device='cuda:0'), tensor([[1.6413e-06, 2.7286e-08, 3.5539e-03,  ..., 2.0414e-08, 4.9916e-09,
         2.7862e-09],
        [1.4567e-06, 4.3330e-07, 9.8850e-01,  ..., 3.8838e-08, 2.5415e-07,
         6.2925e-08],
        [2.4825e-08, 7.6935e-09, 1.1179e-06,  ..., 4.8411e-09, 2.7097e-06,
         2.9439e-09],
        ...,
        [9.2530e-06, 6.6405e-06, 1.0347e-02,  ..., 1.6332e-07, 5.0599e-07,
         8.4692e-08],
        [5.6348e-06, 2.3308e-04, 1.0310e-02,  ..., 3.4069e-07, 2.4975e-07,
         4.3094e-07],
        [1.6810e-05, 7.3212e-05, 1.0108e-02,  ..., 3.5053e-07, 1.7493e-06,
         9.9958e-07]], device='cuda:0')]
lll:  tensor([[1.6323e-06, 2.7072e-08, 3.5330e-03,  ..., 2.0256e-08, 4.9401e-09,
         2.7575e-09],
        [1.4514e-06, 4.2984e-07, 9.8857e-01,  ..., 3.8458e-08, 2.5112e-07,
         6.2138e-08],
        [2.4898e-08, 7.6937e-09, 1.1171e-06,  ..., 4.8612e-09, 2.7203e-06,
         2.9518e-09],
        ...,
        [6.1845e-06, 4.1831e-06, 2.2479e-03,  ..., 1.1065e-06, 2.1052e-07,
         2.2741e-07],
        [9.3309e-06, 6.6687e-06, 1.0346e-02,  ..., 1.6416e-07, 5.0658e-07,
         8.4643e-08],
        [5.6459e-06, 2.3581e-04, 1.0341e-02,  ..., 3.4260e-07, 2.5119e-07,
         4.3506e-07]], device='cuda:0')
hiii torch.Size([1, 80])
GradientShap Attributions: tensor([[[[ 2.1364e-06,  1.6759e-06, -5.2697e-06,  ...,  9.3948e-08,
           -1.5020e-07, -1.8895e-08],
          [ 5.1268e-07,  3.4329e-06, -4.7819e-06,  ..., -1.2579e-07,
           -1.4316e-07, -3.9520e-07],
          [-4.0931e-06, -4.5653e-06, -3.0365e-08,  ..., -1.1988e-07,
           -2.2551e-07, -4.1187e-07],
          ...,
          [ 1.0620e-11, -1.0654e-12, -3.1111e-12,  ...,  4.2843e-12,
            1.4277e-12,  5.1011e-13],
          [-6.9617e-12, -2.5398e-11,  3.8846e-12,  ...,  3.2769e-12,
            3.7432e-12,  1.8024e-12],
          [-3.4026e-11, -1.6450e-11, -4.8759e-12,  ...,  1.9650e-12,
            4.1040e-12, -3.1832e-12]],

         [[ 9.8563e-06,  3.3486e-06, -1.9570e-05,  ..., -5.3469e-07,
           -4.4189e-07, -2.4457e-07],
          [ 5.9451e-06,  7.1240e-06, -1.4104e-05,  ..., -7.4613e-07,
           -4.8023e-07, -8.4593e-07],
          [-1.1828e-05, -1.4301e-05, -4.2945e-06,  ..., -5.5721e-07,
           -6.5783e-07, -1.0080e-06],
          ...,
          [ 2.8809e-12, -1.5714e-11,  3.1722e-12,  ...,  5.2349e-12,
            2.6953e-12,  4.3608e-12],
          [-6.2156e-11, -3.6858e-11,  5.7964e-11,  ...,  9.8165e-12,
            1.2115e-11,  2.1396e-12],
          [-1.0695e-10, -4.3299e-11,  4.2839e-11,  ...,  1.4346e-11,
            1.4284e-11, -2.0982e-11]],

         [[ 7.3826e-06,  5.4599e-06, -1.0358e-05,  ..., -8.2487e-07,
           -3.3554e-07, -2.0933e-07],
          [ 5.4851e-06,  7.6659e-06, -7.7173e-06,  ..., -6.9646e-07,
           -3.1325e-07, -6.4562e-07],
          [-3.4204e-06, -3.1745e-06, -2.2659e-07,  ..., -2.0519e-07,
           -3.4394e-07, -6.9296e-07],
          ...,
          [ 5.0305e-12,  5.9486e-14,  1.2663e-11,  ..., -2.4263e-12,
           -2.4608e-13,  1.4732e-12],
          [-1.9332e-11, -8.8804e-12,  4.6229e-11,  ..., -8.9663e-13,
            2.4812e-12, -1.4270e-12],
          [-9.8377e-11, -1.5146e-11,  2.2549e-11,  ...,  4.0305e-12,
            4.6895e-12, -1.7965e-11]]]], device='cuda:0')
Convergence Delta: tensor([ 6.5836, -0.3990, -0.3990, -0.3990], device='cuda:0')
Average delta per example: tensor([1.3467], device='cuda:0')

<class 'torch.Tensor'>
Inside ModifiedImageList.from_tensors
4
PREDICTIONS: [torch.Size([4000, 81]), torch.Size([4000, 320])]
4 [tensor([[1.4893e-06, 5.8858e-08, 4.3885e-03,  ..., 4.3426e-08, 1.2041e-08,
         7.3360e-09],
        [8.3424e-07, 2.8255e-07, 9.9057e-01,  ..., 1.9377e-08, 1.1459e-07,
         1.9226e-08],
        [9.0306e-08, 1.5029e-08, 6.0275e-06,  ..., 1.4072e-08, 2.7824e-06,
         6.4070e-09],
        ...,
        [1.2170e-06, 1.2907e-06, 7.1189e-03,  ..., 5.4781e-07, 2.4179e-07,
         2.0066e-07],
        [2.3546e-06, 3.0465e-05, 1.0269e-02,  ..., 1.0217e-07, 2.3120e-07,
         6.9635e-08],
        [1.6298e-06, 8.1434e-07, 1.0086e-02,  ..., 8.7504e-09, 1.0676e-07,
         4.2797e-08]], device='cuda:0', grad_fn=<IndexBackward>), tensor([], device='cuda:0', size=(0, 80), grad_fn=<IndexBackward>), tensor([[1.3111e-06, 4.2228e-08, 3.8509e-03,  ..., 2.9916e-08, 7.7513e-09,
         4.6465e-09],
        [8.7284e-07, 2.8012e-07, 9.9180e-01,  ..., 1.8168e-08, 9.6868e-08,
         1.6075e-08],
        [1.7513e-08, 7.0088e-09, 1.8394e-06,  ..., 2.7079e-09, 2.0871e-06,
         2.4073e-09],
        ...,
        [1.3106e-05, 2.7540e-05, 2.8687e-03,  ..., 2.4130e-07, 9.4712e-07,
         4.0685e-08],
        [2.4710e-06, 6.3081e-07, 2.4852e-04,  ..., 2.8559e-07, 6.0199e-08,
         1.0776e-07],
        [1.3916e-06, 8.8507e-07, 1.0681e-02,  ..., 9.4100e-09, 1.1667e-07,
         4.6985e-08]], device='cuda:0', grad_fn=<IndexBackward>), tensor([[1.4728e-06, 2.6534e-08, 3.3780e-03,  ..., 1.9501e-08, 4.7459e-09,
         2.6751e-09],
        [1.0287e-06, 4.3885e-07, 9.8912e-01,  ..., 2.2144e-08, 9.3203e-08,
         1.6396e-08],
        [2.2822e-08, 6.7633e-09, 1.1131e-06,  ..., 3.9256e-09, 2.3103e-06,
         2.4799e-09],
        ...,
        [3.2224e-03, 8.2392e-05, 3.9852e-02,  ..., 2.7042e-06, 3.5422e-06,
         3.4828e-06],
        [1.0287e-02, 1.4568e-07, 2.7415e-05,  ..., 6.6355e-08, 1.6737e-08,
         8.7194e-09],
        [1.1560e-03, 2.0801e-03, 1.0271e-02,  ..., 6.2504e-06, 1.4601e-05,
         2.3200e-06]], device='cuda:0', grad_fn=<IndexBackward>)]
lll:  tensor([[1.4893e-06, 5.8858e-08, 4.3885e-03,  ..., 4.3426e-08, 1.2041e-08,
         7.3360e-09],
        [8.3424e-07, 2.8255e-07, 9.9057e-01,  ..., 1.9377e-08, 1.1459e-07,
         1.9226e-08],
        [9.0306e-08, 1.5029e-08, 6.0275e-06,  ..., 1.4072e-08, 2.7824e-06,
         6.4070e-09],
        ...,
        [1.2170e-06, 1.2907e-06, 7.1189e-03,  ..., 5.4781e-07, 2.4179e-07,
         2.0066e-07],
        [2.3546e-06, 3.0465e-05, 1.0269e-02,  ..., 1.0217e-07, 2.3120e-07,
         6.9635e-08],
        [1.6298e-06, 8.1434e-07, 1.0086e-02,  ..., 8.7504e-09, 1.0676e-07,
         4.2797e-08]], device='cuda:0', grad_fn=<IndexBackward>)
hiii torch.Size([1, 80])
<class 'torch.Tensor'>
Inside ModifiedImageList.from_tensors
4
PREDICTIONS: [torch.Size([4000, 81]), torch.Size([4000, 320])]
4 [tensor([], device='cuda:0', size=(0, 80)), tensor([], device='cuda:0', size=(0, 80)), tensor([], device='cuda:0', size=(0, 80)), tensor([], device='cuda:0', size=(0, 80))]
lll:  tensor([], device='cuda:0', size=(0, 80))
hiii torch.Size([1, 80])
<class 'torch.Tensor'>
Inside ModifiedImageList.from_tensors
4
PREDICTIONS: [torch.Size([4000, 81]), torch.Size([4000, 320])]
4 [tensor([[1.6364e-06, 2.7203e-08, 3.5354e-03,  ..., 2.0367e-08, 4.9680e-09,
         2.7772e-09],
        [1.4438e-06, 4.2992e-07, 9.8853e-01,  ..., 3.8418e-08, 2.5063e-07,
         6.2114e-08],
        [2.4717e-08, 7.6736e-09, 1.1158e-06,  ..., 4.8490e-09, 2.7164e-06,
         2.9461e-09],
        ...,
        [9.3376e-06, 6.6734e-06, 1.0363e-02,  ..., 1.6416e-07, 5.0591e-07,
         8.4600e-08],
        [5.5754e-06, 2.3132e-04, 1.0264e-02,  ..., 3.3664e-07, 2.4720e-07,
         4.2837e-07],
        [1.6694e-05, 7.3561e-05, 1.0004e-02,  ..., 3.4990e-07, 1.7434e-06,
         1.0005e-06]], device='cuda:0'), tensor([[1.6411e-06, 2.7298e-08, 3.5221e-03,  ..., 2.0394e-08, 4.9767e-09,
         2.7799e-09],
        [1.4432e-06, 4.2992e-07, 9.8854e-01,  ..., 3.8516e-08, 2.5199e-07,
         6.2312e-08],
        [2.5001e-08, 7.7423e-09, 1.1277e-06,  ..., 4.8774e-09, 2.7237e-06,
         2.9620e-09],
        ...,
        [6.1713e-06, 4.1887e-06, 2.2442e-03,  ..., 1.1081e-06, 2.1103e-07,
         2.2758e-07],
        [9.3613e-06, 6.6985e-06, 1.0429e-02,  ..., 1.6507e-07, 5.0819e-07,
         8.5294e-08],
        [5.6060e-06, 2.3259e-04, 1.0266e-02,  ..., 3.4092e-07, 2.5012e-07,
         4.3395e-07]], device='cuda:0'), tensor([[1.6382e-06, 2.7275e-08, 3.5445e-03,  ..., 2.0404e-08, 4.9815e-09,
         2.7851e-09],
        [1.4498e-06, 4.3127e-07, 9.8849e-01,  ..., 3.8746e-08, 2.5262e-07,
         6.2724e-08],
        [2.5105e-08, 7.7391e-09, 1.1249e-06,  ..., 4.8868e-09, 2.7203e-06,
         2.9736e-09],
        ...,
        [5.6597e-06, 2.3453e-04, 1.0537e-02,  ..., 3.4292e-07, 2.5041e-07,
         4.3506e-07],
        [9.2905e-06, 6.6366e-06, 1.0312e-02,  ..., 1.6411e-07, 5.0722e-07,
         8.4928e-08],
        [1.6681e-05, 7.3253e-05, 1.0003e-02,  ..., 3.4872e-07, 1.7431e-06,
         9.9858e-07]], device='cuda:0'), tensor([[1.6438e-06, 2.7248e-08, 3.5334e-03,  ..., 2.0420e-08, 4.9807e-09,
         2.7822e-09],
        [1.4380e-06, 4.2457e-07, 9.8856e-01,  ..., 3.7972e-08, 2.4774e-07,
         6.1320e-08],
        [2.4763e-08, 7.6534e-09, 1.1147e-06,  ..., 4.8169e-09, 2.7101e-06,
         2.9402e-09],
        ...,
        [6.1977e-06, 4.1893e-06, 2.2475e-03,  ..., 1.1092e-06, 2.1098e-07,
         2.2781e-07],
        [5.6099e-06, 2.3250e-04, 1.0364e-02,  ..., 3.4035e-07, 2.4933e-07,
         4.3300e-07],
        [9.2147e-06, 6.6527e-06, 1.0343e-02,  ..., 1.6355e-07, 5.0408e-07,
         8.4344e-08]], device='cuda:0')]
lll:  tensor([[1.6364e-06, 2.7203e-08, 3.5354e-03,  ..., 2.0367e-08, 4.9680e-09,
         2.7772e-09],
        [1.4438e-06, 4.2992e-07, 9.8853e-01,  ..., 3.8418e-08, 2.5063e-07,
         6.2114e-08],
        [2.4717e-08, 7.6736e-09, 1.1158e-06,  ..., 4.8490e-09, 2.7164e-06,
         2.9461e-09],
        ...,
        [9.3376e-06, 6.6734e-06, 1.0363e-02,  ..., 1.6416e-07, 5.0591e-07,
         8.4600e-08],
        [5.5754e-06, 2.3132e-04, 1.0264e-02,  ..., 3.3664e-07, 2.4720e-07,
         4.2837e-07],
        [1.6694e-05, 7.3561e-05, 1.0004e-02,  ..., 3.4990e-07, 1.7434e-06,
         1.0005e-06]], device='cuda:0')
hiii torch.Size([1, 80])
GradientShap Attributions: tensor([[[[ 3.9947e-06, -7.6837e-06,  1.3315e-06,  ...,  5.9440e-05,
           -8.5645e-05, -1.7293e-04],
          [ 5.5277e-06, -1.1408e-05,  8.5534e-06,  ...,  2.1503e-04,
           -1.0893e-05, -1.3716e-04],
          [ 2.5136e-06, -2.5624e-07,  9.3209e-06,  ..., -6.0063e-05,
           -7.1684e-05, -7.9411e-05],
          ...,
          [ 1.4335e-07, -1.5112e-07, -2.0763e-07,  ...,  2.0122e-10,
           -6.0236e-11, -1.6137e-10],
          [-9.6477e-07, -1.0388e-06,  6.6439e-07,  ...,  4.5460e-10,
            1.0041e-09,  6.4745e-10],
          [-3.4942e-06, -1.0915e-06,  4.4585e-08,  ...,  1.2687e-10,
            1.1034e-09,  6.3221e-10]],

         [[ 7.7572e-06, -2.0476e-05, -1.6571e-05,  ..., -4.2933e-07,
           -3.0000e-04, -5.5811e-04],
          [-3.1542e-06, -2.9026e-05,  1.6142e-06,  ...,  3.6928e-04,
            2.5801e-06, -3.3850e-04],
          [-1.9602e-05, -1.0317e-05,  6.1036e-06,  ..., -8.1901e-05,
           -5.2951e-06, -1.3877e-04],
          ...,
          [ 1.2795e-06, -9.4982e-07, -1.2542e-06,  ...,  1.6349e-09,
           -1.4000e-09, -3.9366e-10],
          [-1.7541e-06, -1.7704e-06,  1.1323e-06,  ...,  2.3645e-09,
            1.8774e-09,  8.6962e-10],
          [-5.6143e-06, -2.1224e-06,  9.5187e-07,  ...,  2.7289e-09,
            3.2821e-09, -1.6124e-10]],

         [[ 3.7310e-05,  2.8855e-05,  3.7725e-05,  ..., -1.8017e-05,
           -2.2231e-04, -4.1446e-04],
          [ 3.9170e-05,  2.8425e-05,  4.6998e-05,  ...,  3.3098e-04,
            4.3670e-05, -2.2750e-04],
          [ 2.7398e-05,  3.3306e-05,  3.4038e-05,  ...,  6.6816e-05,
            1.2332e-04, -7.3186e-06],
          ...,
          [ 3.4215e-07, -7.2762e-07, -1.9056e-06,  ...,  7.1825e-10,
           -1.2529e-09, -2.5504e-10],
          [-1.7297e-07, -5.2955e-07,  6.9847e-07,  ...,  6.3025e-10,
            4.3202e-10,  5.2935e-10],
          [-4.1340e-06, -6.7757e-07,  4.3523e-07,  ...,  1.4570e-09,
            1.7099e-09, -2.2779e-10]]]], device='cuda:0')
Convergence Delta: tensor([-2.6485, -4.8774, -4.8774, -4.8774], device='cuda:0')
Average delta per example: tensor([-4.3202], device='cuda:0')

<class 'torch.Tensor'>
Inside ModifiedImageList.from_tensors
4
PREDICTIONS: [torch.Size([4000, 81]), torch.Size([4000, 320])]
4 [tensor([[1.7532e-06, 1.2148e-07, 9.1906e-03,  ..., 9.6441e-08, 4.3336e-08,
         2.3977e-08],
        [7.1566e-08, 1.4467e-08, 1.7869e-06,  ..., 1.2312e-08, 5.6592e-06,
         1.1734e-08],
        [1.6984e-06, 9.0189e-07, 9.7957e-01,  ..., 1.0793e-07, 2.6379e-06,
         6.3357e-07],
        ...,
        [1.0593e-02, 3.1430e-06, 5.8321e-06,  ..., 8.8958e-07, 6.5570e-07,
         3.1581e-07],
        [1.5464e-02, 8.1717e-05, 7.7867e-05,  ..., 5.1013e-06, 1.2527e-05,
         1.8812e-06],
        [3.7313e-05, 2.8999e-06, 1.0169e-02,  ..., 3.1627e-08, 1.1796e-07,
         4.9718e-08]], device='cuda:0', grad_fn=<IndexBackward>), tensor([[4.0554e-06, 1.7006e-07, 1.2534e-05,  ..., 1.7153e-07, 2.0252e-05,
         5.1695e-08],
        [1.8189e-06, 1.7918e-06, 9.7362e-01,  ..., 6.7726e-08, 4.3511e-06,
         1.1513e-06],
        [5.0386e-06, 5.8834e-07, 4.9608e-02,  ..., 3.7557e-07, 6.4233e-07,
         1.2375e-07],
        ...,
        [4.6242e-04, 7.5480e-05, 5.9500e-03,  ..., 2.7002e-07, 2.1824e-06,
         1.5578e-07],
        [5.8362e-06, 4.4023e-06, 1.4946e-01,  ..., 2.9967e-07, 2.6556e-06,
         5.1894e-07],
        [4.5762e-04, 1.8160e-05, 3.9027e-02,  ..., 6.9753e-06, 2.0591e-05,
         4.7929e-06]], device='cuda:0', grad_fn=<IndexBackward>), tensor([[1.4980e-06, 6.0174e-08, 4.4811e-03,  ..., 4.4485e-08, 1.2484e-08,
         7.6081e-09],
        [8.3343e-07, 2.8480e-07, 9.9037e-01,  ..., 1.9542e-08, 1.1685e-07,
         1.9620e-08],
        [8.9172e-08, 1.4842e-08, 5.9908e-06,  ..., 1.3836e-08, 2.7598e-06,
         6.3600e-09],
        ...,
        [1.2772e-06, 1.3318e-06, 7.2794e-03,  ..., 5.6647e-07, 2.5162e-07,
         2.0780e-07],
        [2.3937e-06, 2.9834e-05, 1.0105e-02,  ..., 9.9408e-08, 2.2405e-07,
         6.7950e-08],
        [1.6373e-06, 8.0247e-07, 1.0042e-02,  ..., 8.5892e-09, 1.0505e-07,
         4.1982e-08]], device='cuda:0', grad_fn=<IndexBackward>), tensor([[1.7351e-06, 1.0843e-07, 7.3121e-03,  ..., 8.3549e-08, 3.1687e-08,
         1.9006e-08],
        [7.0263e-08, 9.3008e-09, 3.9222e-06,  ..., 7.0096e-09, 2.1216e-06,
         3.2631e-09],
        [6.9812e-07, 2.6060e-07, 9.8262e-01,  ..., 2.0109e-08, 2.5538e-07,
         4.1958e-08],
        ...,
        [1.9047e-05, 2.5667e-06, 1.8225e-03,  ..., 4.9894e-07, 1.9764e-06,
         4.7521e-07],
        [3.6488e-05, 8.5839e-06, 7.2900e-01,  ..., 1.4260e-06, 1.0724e-05,
         4.7408e-06],
        [3.8853e-05, 1.6665e-04, 1.0290e-02,  ..., 5.5435e-07, 1.7833e-06,
         1.8515e-06]], device='cuda:0', grad_fn=<IndexBackward>)]
lll:  tensor([[1.7532e-06, 1.2148e-07, 9.1906e-03,  ..., 9.6441e-08, 4.3336e-08,
         2.3977e-08],
        [7.1566e-08, 1.4467e-08, 1.7869e-06,  ..., 1.2312e-08, 5.6592e-06,
         1.1734e-08],
        [1.6984e-06, 9.0189e-07, 9.7957e-01,  ..., 1.0793e-07, 2.6379e-06,
         6.3357e-07],
        ...,
        [1.0593e-02, 3.1430e-06, 5.8321e-06,  ..., 8.8958e-07, 6.5570e-07,
         3.1581e-07],
        [1.5464e-02, 8.1717e-05, 7.7867e-05,  ..., 5.1013e-06, 1.2527e-05,
         1.8812e-06],
        [3.7313e-05, 2.8999e-06, 1.0169e-02,  ..., 3.1627e-08, 1.1796e-07,
         4.9718e-08]], device='cuda:0', grad_fn=<IndexBackward>)
hiii torch.Size([1, 80])
<class 'torch.Tensor'>
Inside ModifiedImageList.from_tensors
4
PREDICTIONS: [torch.Size([4000, 81]), torch.Size([4000, 320])]
4 [tensor([], device='cuda:0', size=(0, 80)), tensor([], device='cuda:0', size=(0, 80)), tensor([], device='cuda:0', size=(0, 80)), tensor([], device='cuda:0', size=(0, 80))]
lll:  tensor([], device='cuda:0', size=(0, 80))
hiii torch.Size([1, 80])
<class 'torch.Tensor'>
Inside ModifiedImageList.from_tensors
4
PREDICTIONS: [torch.Size([4000, 81]), torch.Size([4000, 320])]
4 [tensor([[1.6410e-06, 2.7290e-08, 3.5273e-03,  ..., 2.0397e-08, 4.9689e-09,
         2.7781e-09],
        [1.4532e-06, 4.3169e-07, 9.8852e-01,  ..., 3.8794e-08, 2.5353e-07,
         6.2813e-08],
        [2.4924e-08, 7.7125e-09, 1.1217e-06,  ..., 4.8734e-09, 2.7209e-06,
         2.9599e-09],
        ...,
        [5.6083e-06, 2.3338e-04, 1.0329e-02,  ..., 3.4091e-07, 2.5001e-07,
         4.3489e-07],
        [9.3070e-06, 6.6514e-06, 1.0311e-02,  ..., 1.6383e-07, 5.0631e-07,
         8.4923e-08],
        [1.6714e-05, 7.3571e-05, 1.0031e-02,  ..., 3.4964e-07, 1.7456e-06,
         1.0001e-06]], device='cuda:0'), tensor([[1.6313e-06, 2.7204e-08, 3.5344e-03,  ..., 2.0287e-08, 4.9540e-09,
         2.7699e-09],
        [1.4494e-06, 4.2933e-07, 9.8852e-01,  ..., 3.8544e-08, 2.5167e-07,
         6.2191e-08],
        [2.4963e-08, 7.7113e-09, 1.1198e-06,  ..., 4.8621e-09, 2.7159e-06,
         2.9481e-09],
        ...,
        [9.3017e-06, 6.6694e-06, 1.0365e-02,  ..., 1.6403e-07, 5.0709e-07,
         8.4991e-08],
        [5.5901e-06, 2.3325e-04, 1.0346e-02,  ..., 3.4022e-07, 2.4929e-07,
         4.3134e-07],
        [1.6696e-05, 7.3499e-05, 1.0005e-02,  ..., 3.5081e-07, 1.7472e-06,
         1.0001e-06]], device='cuda:0'), tensor([[1.6134e-06, 2.6947e-08, 3.5312e-03,  ..., 2.0107e-08, 4.9120e-09,
         2.7465e-09],
        [1.4529e-06, 4.3046e-07, 9.8849e-01,  ..., 3.8581e-08, 2.5213e-07,
         6.2373e-08],
        [2.4818e-08, 7.6818e-09, 1.1143e-06,  ..., 4.8578e-09, 2.7218e-06,
         2.9519e-09],
        ...,
        [5.5954e-06, 2.3311e-04, 1.0345e-02,  ..., 3.4007e-07, 2.4970e-07,
         4.3359e-07],
        [9.3184e-06, 6.6619e-06, 1.0325e-02,  ..., 1.6426e-07, 5.0737e-07,
         8.5094e-08],
        [1.6680e-05, 7.3572e-05, 1.0106e-02,  ..., 3.4941e-07, 1.7489e-06,
         9.9950e-07]], device='cuda:0'), tensor([[1.6456e-06, 2.7236e-08, 3.5356e-03,  ..., 2.0412e-08, 4.9707e-09,
         2.7783e-09],
        [1.4423e-06, 4.2961e-07, 9.8852e-01,  ..., 3.8558e-08, 2.5206e-07,
         6.2392e-08],
        [2.4820e-08, 7.6528e-09, 1.1151e-06,  ..., 4.8432e-09, 2.7094e-06,
         2.9404e-09],
        ...,
        [5.5948e-06, 2.3314e-04, 1.0331e-02,  ..., 3.4031e-07, 2.4968e-07,
         4.3297e-07],
        [9.2824e-06, 6.6656e-06, 1.0317e-02,  ..., 1.6390e-07, 5.0564e-07,
         8.4869e-08],
        [1.6741e-05, 7.3709e-05, 1.0016e-02,  ..., 3.5023e-07, 1.7495e-06,
         1.0009e-06]], device='cuda:0')]
lll:  tensor([[1.6410e-06, 2.7290e-08, 3.5273e-03,  ..., 2.0397e-08, 4.9689e-09,
         2.7781e-09],
        [1.4532e-06, 4.3169e-07, 9.8852e-01,  ..., 3.8794e-08, 2.5353e-07,
         6.2813e-08],
        [2.4924e-08, 7.7125e-09, 1.1217e-06,  ..., 4.8734e-09, 2.7209e-06,
         2.9599e-09],
        ...,
        [5.6083e-06, 2.3338e-04, 1.0329e-02,  ..., 3.4091e-07, 2.5001e-07,
         4.3489e-07],
        [9.3070e-06, 6.6514e-06, 1.0311e-02,  ..., 1.6383e-07, 5.0631e-07,
         8.4923e-08],
        [1.6714e-05, 7.3571e-05, 1.0031e-02,  ..., 3.4964e-07, 1.7456e-06,
         1.0001e-06]], device='cuda:0')
hiii torch.Size([1, 80])
GradientShap Attributions: tensor([[[[ 1.1956e-07,  5.5821e-08, -5.4289e-07,  ...,  5.5729e-07,
            9.5072e-08,  9.0783e-07],
          [ 5.3232e-08,  2.1881e-08, -4.2710e-07,  ..., -3.4503e-07,
           -9.7331e-08, -1.3978e-06],
          [-2.6361e-07, -4.1403e-07, -1.6196e-07,  ...,  3.9061e-07,
           -7.3076e-07, -2.3779e-06],
          ...,
          [ 1.4002e-08, -2.2446e-09,  9.6759e-10,  ...,  2.7126e-10,
            3.3070e-10,  2.6581e-10],
          [ 5.5440e-09, -5.2923e-09,  2.4539e-08,  ...,  4.2857e-10,
            1.5679e-09,  7.4678e-10],
          [ 4.8602e-08, -4.9526e-08, -7.4751e-08,  ..., -1.7386e-10,
            1.1917e-09, -8.9252e-10]],

         [[ 1.0454e-06,  5.2613e-07, -1.1164e-06,  ..., -8.0320e-07,
            5.1060e-07,  1.1236e-06],
          [ 7.2303e-07,  4.5173e-07, -6.0756e-07,  ..., -1.3843e-06,
            6.4419e-07, -2.8461e-06],
          [-3.9405e-07, -5.1102e-07,  2.5849e-07,  ..., -2.7869e-07,
           -5.1301e-07, -4.6715e-06],
          ...,
          [ 1.4416e-07,  1.3065e-07,  2.2639e-07,  ...,  3.0263e-09,
            2.0225e-09,  2.5514e-09],
          [ 4.3575e-08,  3.0292e-07,  4.2400e-07,  ...,  3.2777e-09,
            5.0928e-09,  1.2152e-09],
          [-8.1440e-08,  2.2702e-08,  1.8551e-07,  ...,  1.7982e-09,
            3.5930e-09, -6.7341e-09]],

         [[ 5.9122e-07,  3.3446e-07, -8.4566e-07,  ..., -2.6485e-07,
            5.5708e-07,  5.3662e-07],
          [ 3.2893e-07,  1.8368e-07, -5.2335e-07,  ...,  2.7297e-07,
            1.0395e-06, -2.1946e-06],
          [-2.5842e-07, -3.1893e-07, -2.4444e-08,  ...,  1.5000e-06,
            5.6395e-07, -3.0093e-06],
          ...,
          [ 4.0668e-08,  1.2259e-07,  2.1026e-07,  ...,  1.1258e-09,
            5.4782e-10,  8.1517e-10],
          [-2.4982e-08,  1.1567e-07,  3.0444e-07,  ...,  1.2923e-09,
            1.9740e-09, -1.8773e-11],
          [-1.9035e-07, -2.1280e-08,  9.4373e-08,  ...,  5.6609e-10,
            1.3037e-09, -5.4756e-09]]]], device='cuda:0')
Convergence Delta: tensor([ 0.2891, -0.0467, -0.0467, -0.0467], device='cuda:0')
Average delta per example: tensor([0.0372], device='cuda:0')

<class 'torch.Tensor'>
Inside ModifiedImageList.from_tensors
4
PREDICTIONS: [torch.Size([4000, 81]), torch.Size([4000, 320])]
4 [tensor([[1.1294e-06, 3.5611e-08, 3.4312e-03,  ..., 2.1080e-08, 5.8267e-09,
         3.4539e-09],
        [8.8400e-07, 2.9176e-07, 9.9187e-01,  ..., 1.7954e-08, 9.1788e-08,
         1.5159e-08],
        [1.9070e-08, 6.5576e-09, 1.5780e-06,  ..., 2.7877e-09, 2.0356e-06,
         2.2833e-09],
        ...,
        [7.6578e-06, 4.2349e-06, 1.0884e-02,  ..., 2.1166e-07, 1.1076e-06,
         5.6383e-08],
        [1.0380e-05, 4.2444e-06, 2.1292e-03,  ..., 9.1760e-07, 2.2281e-07,
         2.2970e-07],
        [2.7654e-06, 3.5660e-06, 1.0390e-02,  ..., 2.4307e-07, 5.4061e-07,
         1.7735e-07]], device='cuda:0', grad_fn=<IndexBackward>), tensor([[1.1841e-06, 5.8649e-08, 4.5055e-03,  ..., 3.8395e-08, 1.2398e-08,
         7.4209e-09],
        [8.0953e-07, 3.0148e-07, 9.8869e-01,  ..., 2.0615e-08, 1.3402e-07,
         2.2389e-08],
        [7.9866e-08, 1.3007e-08, 5.5096e-06,  ..., 1.1669e-08, 2.5304e-06,
         5.7141e-09],
        ...,
        [4.1028e-06, 3.2864e-06, 1.0455e-02,  ..., 4.4456e-08, 1.2670e-07,
         4.2583e-08],
        [1.2351e-03, 2.4873e-03, 1.0319e-02,  ..., 6.9471e-06, 1.8909e-05,
         5.3300e-06],
        [1.0272e-02, 9.7802e-07, 2.3431e-04,  ..., 3.5713e-07, 1.3663e-07,
         5.5331e-08]], device='cuda:0', grad_fn=<IndexBackward>), tensor([[1.4369e-06, 8.6253e-08, 5.8990e-03,  ..., 6.2406e-08, 2.1314e-08,
         1.2934e-08],
        [6.6988e-08, 1.0125e-08, 4.6638e-06,  ..., 8.2295e-09, 2.2245e-06,
         4.0472e-09],
        [7.6651e-07, 3.6934e-07, 9.8532e-01,  ..., 2.4833e-08, 1.8942e-07,
         3.0204e-08],
        ...,
        [2.4605e-05, 1.1173e-05, 1.1318e-04,  ..., 1.0229e-07, 1.6238e-07,
         2.4633e-07],
        [9.6059e-06, 2.3852e-06, 1.0060e-02,  ..., 1.7073e-07, 2.5552e-07,
         5.1244e-08],
        [2.1652e-03, 8.6490e-03, 1.0025e-02,  ..., 8.1776e-06, 6.0123e-05,
         3.6971e-06]], device='cuda:0', grad_fn=<IndexBackward>), tensor([[1.1382e-06, 3.5575e-08, 3.4320e-03,  ..., 2.1044e-08, 5.8059e-09,
         3.4390e-09],
        [8.8315e-07, 2.9394e-07, 9.9188e-01,  ..., 1.8043e-08, 9.1716e-08,
         1.5190e-08],
        [1.9317e-08, 6.4886e-09, 1.5464e-06,  ..., 2.7836e-09, 2.0229e-06,
         2.2564e-09],
        ...,
        [7.7643e-06, 4.2507e-06, 1.0975e-02,  ..., 2.1310e-07, 1.1012e-06,
         5.6208e-08],
        [1.0248e-05, 4.2731e-06, 2.1308e-03,  ..., 9.2132e-07, 2.2348e-07,
         2.3065e-07],
        [2.7164e-06, 3.4839e-06, 1.0158e-02,  ..., 2.3601e-07, 5.2245e-07,
         1.7179e-07]], device='cuda:0', grad_fn=<IndexBackward>)]
lll:  tensor([[1.1294e-06, 3.5611e-08, 3.4312e-03,  ..., 2.1080e-08, 5.8267e-09,
         3.4539e-09],
        [8.8400e-07, 2.9176e-07, 9.9187e-01,  ..., 1.7954e-08, 9.1788e-08,
         1.5159e-08],
        [1.9070e-08, 6.5576e-09, 1.5780e-06,  ..., 2.7877e-09, 2.0356e-06,
         2.2833e-09],
        ...,
        [7.6578e-06, 4.2349e-06, 1.0884e-02,  ..., 2.1166e-07, 1.1076e-06,
         5.6383e-08],
        [1.0380e-05, 4.2444e-06, 2.1292e-03,  ..., 9.1760e-07, 2.2281e-07,
         2.2970e-07],
        [2.7654e-06, 3.5660e-06, 1.0390e-02,  ..., 2.4307e-07, 5.4061e-07,
         1.7735e-07]], device='cuda:0', grad_fn=<IndexBackward>)
hiii torch.Size([1, 80])
<class 'torch.Tensor'>
Inside ModifiedImageList.from_tensors
4
PREDICTIONS: [torch.Size([4000, 81]), torch.Size([4000, 320])]
4 [tensor([], device='cuda:0', size=(0, 80)), tensor([], device='cuda:0', size=(0, 80)), tensor([], device='cuda:0', size=(0, 80)), tensor([], device='cuda:0', size=(0, 80))]
lll:  tensor([], device='cuda:0', size=(0, 80))
hiii torch.Size([1, 80])
<class 'torch.Tensor'>
Inside ModifiedImageList.from_tensors
4
PREDICTIONS: [torch.Size([4000, 81]), torch.Size([4000, 320])]
4 [tensor([[1.6509e-06, 2.7483e-08, 3.5527e-03,  ..., 2.0539e-08, 5.0132e-09,
         2.8020e-09],
        [1.4405e-06, 4.2944e-07, 9.8853e-01,  ..., 3.8418e-08, 2.5126e-07,
         6.2222e-08],
        [2.4888e-08, 7.7424e-09, 1.1234e-06,  ..., 4.8799e-09, 2.7290e-06,
         2.9698e-09],
        ...,
        [6.1974e-06, 4.1938e-06, 2.2503e-03,  ..., 1.1087e-06, 2.1091e-07,
         2.2811e-07],
        [9.2838e-06, 6.6841e-06, 1.0365e-02,  ..., 1.6425e-07, 5.0728e-07,
         8.4962e-08],
        [5.5955e-06, 2.3217e-04, 1.0344e-02,  ..., 3.3871e-07, 2.4794e-07,
         4.2970e-07]], device='cuda:0'), tensor([[1.6345e-06, 2.7260e-08, 3.5373e-03,  ..., 2.0360e-08, 4.9681e-09,
         2.7793e-09],
        [1.4497e-06, 4.3051e-07, 9.8855e-01,  ..., 3.8637e-08, 2.5226e-07,
         6.2506e-08],
        [2.4929e-08, 7.6863e-09, 1.1187e-06,  ..., 4.8602e-09, 2.7116e-06,
         2.9502e-09],
        ...,
        [5.6153e-06, 2.3506e-04, 1.0295e-02,  ..., 3.4140e-07, 2.5006e-07,
         4.3359e-07],
        [9.3198e-06, 6.6329e-06, 1.0293e-02,  ..., 1.6388e-07, 5.0460e-07,
         8.4435e-08],
        [1.6691e-05, 7.3260e-05, 1.0009e-02,  ..., 3.4930e-07, 1.7452e-06,
         9.9986e-07]], device='cuda:0'), tensor([[1.6278e-06, 2.7073e-08, 3.5402e-03,  ..., 2.0228e-08, 4.9362e-09,
         2.7610e-09],
        [1.4474e-06, 4.2954e-07, 9.8849e-01,  ..., 3.8525e-08, 2.5186e-07,
         6.2430e-08],
        [2.5029e-08, 7.7164e-09, 1.1210e-06,  ..., 4.8626e-09, 2.7147e-06,
         2.9572e-09],
        ...,
        [9.2897e-06, 6.6428e-06, 1.0319e-02,  ..., 1.6368e-07, 5.0517e-07,
         8.4683e-08],
        [5.6044e-06, 2.3149e-04, 1.0274e-02,  ..., 3.4125e-07, 2.4990e-07,
         4.3309e-07],
        [1.6764e-05, 7.3126e-05, 1.0006e-02,  ..., 3.4993e-07, 1.7516e-06,
         1.0010e-06]], device='cuda:0'), tensor([[1.6490e-06, 2.7466e-08, 3.5591e-03,  ..., 2.0544e-08, 5.0133e-09,
         2.8017e-09],
        [1.4473e-06, 4.3013e-07, 9.8857e-01,  ..., 3.8562e-08, 2.5152e-07,
         6.2442e-08],
        [2.4955e-08, 7.6736e-09, 1.1148e-06,  ..., 4.8393e-09, 2.7136e-06,
         2.9409e-09],
        ...,
        [5.5710e-06, 2.3217e-04, 1.0295e-02,  ..., 3.3767e-07, 2.4835e-07,
         4.3057e-07],
        [9.2411e-06, 6.6182e-06, 1.0238e-02,  ..., 1.6250e-07, 5.0203e-07,
         8.4057e-08],
        [1.6693e-05, 7.3175e-05, 1.0033e-02,  ..., 3.5002e-07, 1.7460e-06,
         9.9774e-07]], device='cuda:0')]
lll:  tensor([[1.6509e-06, 2.7483e-08, 3.5527e-03,  ..., 2.0539e-08, 5.0132e-09,
         2.8020e-09],
        [1.4405e-06, 4.2944e-07, 9.8853e-01,  ..., 3.8418e-08, 2.5126e-07,
         6.2222e-08],
        [2.4888e-08, 7.7424e-09, 1.1234e-06,  ..., 4.8799e-09, 2.7290e-06,
         2.9698e-09],
        ...,
        [6.1974e-06, 4.1938e-06, 2.2503e-03,  ..., 1.1087e-06, 2.1091e-07,
         2.2811e-07],
        [9.2838e-06, 6.6841e-06, 1.0365e-02,  ..., 1.6425e-07, 5.0728e-07,
         8.4962e-08],
        [5.5955e-06, 2.3217e-04, 1.0344e-02,  ..., 3.3871e-07, 2.4794e-07,
         4.2970e-07]], device='cuda:0')
hiii torch.Size([1, 80])
GradientShap Attributions: tensor([[[[ 2.8338e-06,  4.3142e-06,  3.9377e-06,  ..., -4.2938e-05,
           -1.8140e-04, -8.6699e-04],
          [ 4.6620e-06,  4.2381e-06, -1.6489e-06,  ...,  9.7332e-04,
            4.6743e-04, -6.6786e-04],
          [ 8.7570e-06,  6.8708e-06, -3.8640e-06,  ...,  1.2014e-04,
            7.8932e-05, -7.5390e-04],
          ...,
          [ 2.3495e-08,  2.4618e-08,  3.0731e-08,  ...,  5.0350e-13,
            3.6630e-12, -1.0651e-12],
          [ 5.9813e-08,  5.1038e-08, -4.8631e-08,  ..., -5.3256e-12,
           -6.0888e-12, -9.2070e-12],
          [ 1.9038e-07,  7.4217e-08, -4.6776e-10,  ...,  2.5640e-12,
           -5.1896e-12, -4.4345e-13]],

         [[ 5.9867e-06,  9.0874e-06,  1.5258e-05,  ..., -1.8151e-04,
           -7.5784e-04, -2.5555e-03],
          [ 2.0218e-05,  1.2961e-05, -4.4981e-08,  ...,  1.8574e-03,
            1.1296e-03, -1.5846e-03],
          [ 3.5582e-05,  1.7558e-05, -9.1929e-06,  ...,  2.5795e-04,
            5.1506e-04, -1.3336e-03],
          ...,
          [ 5.3602e-08,  1.8845e-07,  1.5351e-07,  ..., -3.9938e-11,
           -1.4101e-11, -2.9708e-11],
          [ 1.1342e-07,  1.2967e-07,  1.4625e-08,  ..., -5.7824e-11,
           -4.7518e-11, -4.8357e-11],
          [ 2.7070e-07,  1.3066e-07,  5.6621e-09,  ..., -3.4713e-11,
           -3.1227e-11, -2.3828e-13]],

         [[-1.7326e-05, -1.9186e-05, -1.7151e-05,  ..., -2.2796e-04,
           -6.0648e-04, -1.8801e-03],
          [-1.4350e-05, -2.0107e-05, -2.5378e-05,  ...,  1.4879e-03,
            8.6659e-04, -1.1260e-03],
          [-7.9355e-06, -1.5479e-05, -2.1411e-05,  ...,  7.3654e-04,
            8.1575e-04, -6.3526e-04],
          ...,
          [-3.0156e-09,  1.3937e-07,  1.3624e-07,  ..., -8.5605e-12,
            2.5470e-12, -9.3822e-12],
          [-6.0670e-10,  3.3588e-08,  1.3931e-08,  ..., -6.4060e-12,
           -2.4882e-11, -3.1902e-11],
          [ 1.6444e-07,  3.1199e-08, -6.5170e-10,  ...,  1.3378e-12,
           -1.8189e-11, -2.4659e-12]]]], device='cuda:0')
Convergence Delta: tensor([-1.3380, -1.7481, -1.7481, -1.7481], device='cuda:0')
Average delta per example: tensor([-1.6456], device='cuda:0')

<class 'torch.Tensor'>
Inside ModifiedImageList.from_tensors
4
PREDICTIONS: [torch.Size([4000, 81]), torch.Size([4000, 320])]
4 [tensor([[1.5847e-06, 2.6943e-08, 3.4913e-03,  ..., 2.0034e-08, 4.8880e-09,
         2.7408e-09],
        [1.4870e-06, 4.3985e-07, 9.8854e-01,  ..., 4.0228e-08, 2.6487e-07,
         6.6117e-08],
        [2.4374e-08, 7.4135e-09, 1.1080e-06,  ..., 4.6012e-09, 2.5848e-06,
         2.8060e-09],
        ...,
        [3.0895e-05, 6.0130e-05, 1.1125e-02,  ..., 1.3867e-07, 3.6389e-07,
         1.7402e-07],
        [8.5236e-04, 4.3640e-04, 2.2354e-04,  ..., 1.2864e-06, 3.7924e-06,
         3.3849e-07],
        [5.6027e-06, 2.4098e-04, 1.0161e-02,  ..., 3.3098e-07, 2.4403e-07,
         4.3240e-07]], device='cuda:0', grad_fn=<IndexBackward>), tensor([[1.3139e-06, 2.9685e-08, 3.1252e-03,  ..., 1.8571e-08, 4.9135e-09,
         2.8177e-09],
        [9.5356e-07, 3.7134e-07, 9.9024e-01,  ..., 2.0134e-08, 8.9905e-08,
         1.5376e-08],
        [2.1799e-08, 6.3827e-09, 1.2370e-06,  ..., 3.2486e-09, 2.0733e-06,
         2.2616e-09],
        ...,
        [2.4932e-04, 6.1913e-05, 3.5354e-02,  ..., 5.1148e-06, 2.1552e-05,
         1.1934e-05],
        [1.7917e-05, 7.4025e-06, 2.3098e-03,  ..., 2.0855e-07, 1.1785e-06,
         4.2846e-08],
        [7.4425e-05, 8.7570e-05, 1.0952e-04,  ..., 1.3024e-05, 3.2602e-06,
         3.0956e-06]], device='cuda:0', grad_fn=<IndexBackward>), tensor([[1.3230e-06, 4.5211e-08, 3.9366e-03,  ..., 3.2356e-08, 8.4760e-09,
         5.0994e-09],
        [8.7072e-07, 2.7890e-07, 9.9166e-01,  ..., 1.8387e-08, 1.0030e-07,
         1.6617e-08],
        [1.7569e-08, 7.1537e-09, 1.9061e-06,  ..., 2.7056e-09, 2.1200e-06,
         2.4526e-09],
        ...,
        [2.3711e-06, 6.2198e-07, 2.4814e-04,  ..., 2.8122e-07, 6.0295e-08,
         1.0758e-07],
        [1.9047e-05, 3.0299e-06, 1.1266e-02,  ..., 6.0734e-08, 2.2043e-07,
         8.4191e-08],
        [1.4517e-06, 8.7150e-07, 1.0428e-02,  ..., 9.2754e-09, 1.1407e-07,
         4.5824e-08]], device='cuda:0', grad_fn=<IndexBackward>), tensor([[2.6439e-07, 3.2314e-08, 5.3189e-06,  ..., 2.5922e-08, 6.2836e-06,
         1.0569e-08],
        [1.5877e-06, 1.1751e-06, 9.8033e-01,  ..., 1.0070e-07, 3.4313e-06,
         9.4337e-07],
        [2.6787e-06, 2.2912e-07, 1.5010e-02,  ..., 1.9149e-07, 1.0379e-07,
         4.7101e-08],
        ...,
        [6.7875e-06, 6.0456e-06, 1.6846e-01,  ..., 5.1101e-07, 9.8024e-06,
         4.2087e-06],
        [1.1112e-03, 1.5111e-04, 1.0735e-02,  ..., 3.0679e-06, 1.4517e-05,
         3.2379e-06],
        [1.8149e-06, 5.8700e-07, 1.0619e-02,  ..., 8.3744e-09, 1.3525e-08,
         1.0012e-08]], device='cuda:0', grad_fn=<IndexBackward>)]
lll:  tensor([[1.5847e-06, 2.6943e-08, 3.4913e-03,  ..., 2.0034e-08, 4.8880e-09,
         2.7408e-09],
        [1.4870e-06, 4.3985e-07, 9.8854e-01,  ..., 4.0228e-08, 2.6487e-07,
         6.6117e-08],
        [2.4374e-08, 7.4135e-09, 1.1080e-06,  ..., 4.6012e-09, 2.5848e-06,
         2.8060e-09],
        ...,
        [3.0895e-05, 6.0130e-05, 1.1125e-02,  ..., 1.3867e-07, 3.6389e-07,
         1.7402e-07],
        [8.5236e-04, 4.3640e-04, 2.2354e-04,  ..., 1.2864e-06, 3.7924e-06,
         3.3849e-07],
        [5.6027e-06, 2.4098e-04, 1.0161e-02,  ..., 3.3098e-07, 2.4403e-07,
         4.3240e-07]], device='cuda:0', grad_fn=<IndexBackward>)
hiii torch.Size([1, 80])
<class 'torch.Tensor'>
Inside ModifiedImageList.from_tensors
4
PREDICTIONS: [torch.Size([4000, 81]), torch.Size([4000, 320])]
4 [tensor([], device='cuda:0', size=(0, 80)), tensor([], device='cuda:0', size=(0, 80)), tensor([], device='cuda:0', size=(0, 80)), tensor([], device='cuda:0', size=(0, 80))]
lll:  tensor([], device='cuda:0', size=(0, 80))
hiii torch.Size([1, 80])
<class 'torch.Tensor'>
Inside ModifiedImageList.from_tensors
4
PREDICTIONS: [torch.Size([4000, 81]), torch.Size([4000, 320])]
4 [tensor([[1.6351e-06, 2.7275e-08, 3.5402e-03,  ..., 2.0363e-08, 4.9725e-09,
         2.7812e-09],
        [1.4504e-06, 4.3007e-07, 9.8857e-01,  ..., 3.8524e-08, 2.5155e-07,
         6.2358e-08],
        [2.4859e-08, 7.6973e-09, 1.1164e-06,  ..., 4.8602e-09, 2.7162e-06,
         2.9533e-09],
        ...,
        [6.1798e-06, 4.1842e-06, 2.2557e-03,  ..., 1.1093e-06, 2.1075e-07,
         2.2746e-07],
        [5.6362e-06, 2.3507e-04, 1.0351e-02,  ..., 3.4178e-07, 2.5048e-07,
         4.3420e-07],
        [9.3380e-06, 6.6641e-06, 1.0339e-02,  ..., 1.6427e-07, 5.0619e-07,
         8.4706e-08]], device='cuda:0'), tensor([[1.6302e-06, 2.7087e-08, 3.5314e-03,  ..., 2.0219e-08, 4.9315e-09,
         2.7555e-09],
        [1.4415e-06, 4.2784e-07, 9.8855e-01,  ..., 3.8227e-08, 2.4929e-07,
         6.1734e-08],
        [2.4765e-08, 7.6799e-09, 1.1175e-06,  ..., 4.8424e-09, 2.7212e-06,
         2.9599e-09],
        ...,
        [6.1559e-06, 4.1964e-06, 2.2469e-03,  ..., 1.1057e-06, 2.1074e-07,
         2.2756e-07],
        [9.3016e-06, 6.6751e-06, 1.0400e-02,  ..., 1.6405e-07, 5.0648e-07,
         8.4937e-08],
        [5.6166e-06, 2.3387e-04, 1.0331e-02,  ..., 3.4093e-07, 2.5015e-07,
         4.3147e-07]], device='cuda:0'), tensor([[1.6280e-06, 2.7206e-08, 3.5394e-03,  ..., 2.0301e-08, 4.9635e-09,
         2.7759e-09],
        [1.4464e-06, 4.2948e-07, 9.8857e-01,  ..., 3.8544e-08, 2.5151e-07,
         6.2248e-08],
        [2.4979e-08, 7.7301e-09, 1.1221e-06,  ..., 4.8835e-09, 2.7305e-06,
         2.9586e-09],
        ...,
        [6.1622e-06, 4.1848e-06, 2.2465e-03,  ..., 1.1067e-06, 2.1050e-07,
         2.2744e-07],
        [9.3053e-06, 6.6735e-06, 1.0325e-02,  ..., 1.6430e-07, 5.0688e-07,
         8.4875e-08],
        [5.5802e-06, 2.3244e-04, 1.0220e-02,  ..., 3.3888e-07, 2.4917e-07,
         4.3191e-07]], device='cuda:0'), tensor([[1.6425e-06, 2.7314e-08, 3.5371e-03,  ..., 2.0394e-08, 4.9745e-09,
         2.7789e-09],
        [1.4465e-06, 4.2937e-07, 9.8852e-01,  ..., 3.8469e-08, 2.5136e-07,
         6.2304e-08],
        [2.5049e-08, 7.7145e-09, 1.1246e-06,  ..., 4.8704e-09, 2.7289e-06,
         2.9655e-09],
        ...,
        [9.3210e-06, 6.6625e-06, 1.0367e-02,  ..., 1.6402e-07, 5.0661e-07,
         8.4984e-08],
        [5.5502e-06, 2.3237e-04, 1.0202e-02,  ..., 3.3858e-07, 2.4868e-07,
         4.3096e-07],
        [1.6698e-05, 7.3411e-05, 1.0050e-02,  ..., 3.4998e-07, 1.7480e-06,
         1.0006e-06]], device='cuda:0')]
lll:  tensor([[1.6351e-06, 2.7275e-08, 3.5402e-03,  ..., 2.0363e-08, 4.9725e-09,
         2.7812e-09],
        [1.4504e-06, 4.3007e-07, 9.8857e-01,  ..., 3.8524e-08, 2.5155e-07,
         6.2358e-08],
        [2.4859e-08, 7.6973e-09, 1.1164e-06,  ..., 4.8602e-09, 2.7162e-06,
         2.9533e-09],
        ...,
        [6.1798e-06, 4.1842e-06, 2.2557e-03,  ..., 1.1093e-06, 2.1075e-07,
         2.2746e-07],
        [5.6362e-06, 2.3507e-04, 1.0351e-02,  ..., 3.4178e-07, 2.5048e-07,
         4.3420e-07],
        [9.3380e-06, 6.6641e-06, 1.0339e-02,  ..., 1.6427e-07, 5.0619e-07,
         8.4706e-08]], device='cuda:0')
hiii torch.Size([1, 80])
GradientShap Attributions: tensor([[[[ 6.7530e-07,  8.1112e-07, -1.3126e-06,  ...,  1.0233e-08,
           -1.4954e-08,  7.2425e-08],
          [ 1.0479e-06, -1.1287e-07, -1.1127e-06,  ...,  1.5617e-08,
           -6.9237e-09, -2.5927e-08],
          [-1.5775e-06,  1.5093e-06, -1.7001e-06,  ...,  8.8327e-09,
           -1.7664e-09,  3.6509e-09],
          ...,
          [ 2.3605e-11, -4.3912e-11, -1.1599e-11,  ..., -2.3043e-14,
            8.7767e-15,  2.1651e-14],
          [-2.0823e-10, -1.7040e-10,  2.3489e-10,  ..., -1.5008e-13,
            7.4657e-14, -1.4041e-13],
          [-5.7441e-10, -1.5415e-10,  1.0704e-10,  ...,  1.6257e-13,
           -3.3787e-14, -3.6989e-14]],

         [[ 4.6537e-06,  3.7286e-06, -2.2115e-06,  ...,  9.3635e-09,
           -2.1406e-08,  1.5057e-07],
          [ 5.0557e-06,  2.9590e-06, -1.7733e-06,  ...,  3.0205e-08,
           -3.5101e-08, -4.9349e-08],
          [-2.9853e-08,  5.9214e-06, -1.8297e-06,  ...,  2.5800e-08,
           -2.9882e-09, -2.8735e-08],
          ...,
          [ 2.4397e-10, -1.4438e-10,  4.2551e-11,  ..., -6.2213e-13,
           -3.1600e-13, -2.4976e-13],
          [-5.0344e-10, -4.2152e-10,  4.0139e-10,  ..., -1.3274e-12,
           -2.8344e-13, -7.7635e-13],
          [-8.9673e-10, -3.5594e-10,  2.2689e-10,  ..., -3.2762e-14,
           -2.4643e-13, -2.5129e-13]],

         [[ 1.6927e-06,  1.1283e-06, -2.9571e-06,  ...,  9.1525e-09,
           -2.4226e-08,  8.4749e-08],
          [ 1.3636e-06, -6.5368e-07, -3.2643e-06,  ...,  4.2983e-08,
           -7.1800e-09, -4.2621e-08],
          [-1.5166e-06,  1.0291e-06, -2.9746e-06,  ...,  5.9335e-08,
            2.0695e-08, -4.1484e-09],
          ...,
          [ 4.2830e-11, -1.3018e-10,  6.9863e-12,  ..., -4.0689e-13,
           -7.3627e-14,  5.8091e-14],
          [-9.8073e-11, -1.5699e-10,  2.2182e-10,  ..., -6.0683e-13,
            1.1667e-13, -1.9309e-13],
          [-6.2159e-10, -1.0180e-10,  8.8964e-11,  ...,  2.5882e-13,
            7.8108e-14,  1.4200e-13]]]], device='cuda:0')
Convergence Delta: tensor([-1.5542, -1.5632, -1.5632, -1.5632], device='cuda:0')
Average delta per example: tensor([-1.5609], device='cuda:0')

<class 'torch.Tensor'>
Inside ModifiedImageList.from_tensors
4
PREDICTIONS: [torch.Size([4000, 81]), torch.Size([4000, 320])]
4 [tensor([[1.2044e-06, 6.3141e-08, 4.7611e-03,  ..., 4.2494e-08, 1.3822e-08,
         8.2797e-09],
        [8.0111e-07, 3.0755e-07, 9.8797e-01,  ..., 2.0912e-08, 1.4066e-07,
         2.3139e-08],
        [7.7073e-08, 1.2391e-08, 5.3099e-06,  ..., 1.0973e-08, 2.4486e-06,
         5.4334e-09],
        ...,
        [1.6831e-03, 1.1265e-02, 1.1941e-02,  ..., 8.9890e-06, 6.0994e-05,
         4.2360e-06],
        [1.1100e-02, 5.0089e-05, 1.4997e-03,  ..., 6.6916e-06, 8.3672e-06,
         3.3277e-06],
        [1.1108e-05, 1.3081e-05, 1.0375e-02,  ..., 3.0367e-07, 5.8073e-07,
         4.5434e-07]], device='cuda:0', grad_fn=<IndexBackward>), tensor([[1.4380e-06, 8.6387e-08, 5.9034e-03,  ..., 6.2553e-08, 2.1381e-08,
         1.2973e-08],
        [6.6927e-08, 1.0091e-08, 4.6568e-06,  ..., 8.2023e-09, 2.2248e-06,
         4.0229e-09],
        [7.6999e-07, 3.7193e-07, 9.8527e-01,  ..., 2.5005e-08, 1.9113e-07,
         3.0412e-08],
        ...,
        [7.8715e-07, 1.4736e-06, 1.1000e-02,  ..., 3.8224e-08, 2.0845e-07,
         7.7406e-08],
        [2.4601e-05, 1.1184e-05, 1.1352e-04,  ..., 1.0262e-07, 1.6287e-07,
         2.4647e-07],
        [9.6150e-06, 2.3838e-06, 1.0058e-02,  ..., 1.7075e-07, 2.5521e-07,
         5.1157e-08]], device='cuda:0', grad_fn=<IndexBackward>), tensor([[1.2829e-06, 7.3420e-08, 5.2361e-03,  ..., 5.1819e-08, 1.7109e-08,
         1.0303e-08],
        [7.9313e-07, 3.3307e-07, 9.8648e-01,  ..., 2.2532e-08, 1.6037e-07,
         2.5836e-08],
        [7.3053e-08, 1.1354e-08, 5.0765e-06,  ..., 9.9165e-09, 2.3890e-06,
         4.8796e-09],
        ...,
        [1.2671e-02, 4.8984e-05, 1.5343e-03,  ..., 6.4202e-06, 7.9037e-06,
         3.0801e-06],
        [1.8724e-03, 9.8374e-03, 1.1030e-02,  ..., 8.4304e-06, 5.9130e-05,
         3.9128e-06],
        [9.4892e-06, 2.4852e-06, 1.0731e-02,  ..., 1.8283e-07, 2.7031e-07,
         5.4161e-08]], device='cuda:0', grad_fn=<IndexBackward>), tensor([[1.5089e-06, 6.0185e-08, 4.4541e-03,  ..., 4.4471e-08, 1.2437e-08,
         7.5726e-09],
        [8.2977e-07, 2.8436e-07, 9.9043e-01,  ..., 1.9452e-08, 1.1603e-07,
         1.9505e-08],
        [8.9459e-08, 1.4886e-08, 5.9851e-06,  ..., 1.3856e-08, 2.7640e-06,
         6.3764e-09],
        ...,
        [1.2667e-06, 1.3242e-06, 7.2339e-03,  ..., 5.6411e-07, 2.5000e-07,
         2.0666e-07],
        [2.3818e-06, 2.9976e-05, 1.0139e-02,  ..., 1.0024e-07, 2.2606e-07,
         6.8626e-08],
        [1.6399e-06, 8.0772e-07, 1.0059e-02,  ..., 8.6442e-09, 1.0544e-07,
         4.2365e-08]], device='cuda:0', grad_fn=<IndexBackward>)]
lll:  tensor([[1.2044e-06, 6.3141e-08, 4.7611e-03,  ..., 4.2494e-08, 1.3822e-08,
         8.2797e-09],
        [8.0111e-07, 3.0755e-07, 9.8797e-01,  ..., 2.0912e-08, 1.4066e-07,
         2.3139e-08],
        [7.7073e-08, 1.2391e-08, 5.3099e-06,  ..., 1.0973e-08, 2.4486e-06,
         5.4334e-09],
        ...,
        [1.6831e-03, 1.1265e-02, 1.1941e-02,  ..., 8.9890e-06, 6.0994e-05,
         4.2360e-06],
        [1.1100e-02, 5.0089e-05, 1.4997e-03,  ..., 6.6916e-06, 8.3672e-06,
         3.3277e-06],
        [1.1108e-05, 1.3081e-05, 1.0375e-02,  ..., 3.0367e-07, 5.8073e-07,
         4.5434e-07]], device='cuda:0', grad_fn=<IndexBackward>)
hiii torch.Size([1, 80])
<class 'torch.Tensor'>
Inside ModifiedImageList.from_tensors
4
PREDICTIONS: [torch.Size([4000, 81]), torch.Size([4000, 320])]
4 [tensor([], device='cuda:0', size=(0, 80)), tensor([], device='cuda:0', size=(0, 80)), tensor([], device='cuda:0', size=(0, 80)), tensor([], device='cuda:0', size=(0, 80))]
lll:  tensor([], device='cuda:0', size=(0, 80))
hiii torch.Size([1, 80])
<class 'torch.Tensor'>
Inside ModifiedImageList.from_tensors
4
PREDICTIONS: [torch.Size([4000, 81]), torch.Size([4000, 320])]
4 [tensor([[1.6355e-06, 2.7191e-08, 3.5501e-03,  ..., 2.0276e-08, 4.9570e-09,
         2.7674e-09],
        [1.4508e-06, 4.2927e-07, 9.8856e-01,  ..., 3.8523e-08, 2.5137e-07,
         6.2321e-08],
        [2.4873e-08, 7.6918e-09, 1.1185e-06,  ..., 4.8478e-09, 2.7160e-06,
         2.9550e-09],
        ...,
        [5.6153e-06, 2.3351e-04, 1.0394e-02,  ..., 3.4224e-07, 2.5127e-07,
         4.3530e-07],
        [9.2572e-06, 6.6315e-06, 1.0272e-02,  ..., 1.6306e-07, 5.0338e-07,
         8.4239e-08],
        [1.6719e-05, 7.3622e-05, 1.0034e-02,  ..., 3.5045e-07, 1.7532e-06,
         1.0022e-06]], device='cuda:0'), tensor([[1.6302e-06, 2.7127e-08, 3.5344e-03,  ..., 2.0290e-08, 4.9512e-09,
         2.7668e-09],
        [1.4514e-06, 4.3158e-07, 9.8847e-01,  ..., 3.8701e-08, 2.5304e-07,
         6.2649e-08],
        [2.4846e-08, 7.7055e-09, 1.1151e-06,  ..., 4.8703e-09, 2.7214e-06,
         2.9588e-09],
        ...,
        [5.6593e-06, 2.3685e-04, 1.0397e-02,  ..., 3.4368e-07, 2.5193e-07,
         4.3645e-07],
        [9.2460e-06, 6.6569e-06, 1.0294e-02,  ..., 1.6420e-07, 5.0807e-07,
         8.4858e-08],
        [1.6626e-05, 7.3439e-05, 1.0003e-02,  ..., 3.4822e-07, 1.7418e-06,
         9.9670e-07]], device='cuda:0'), tensor([[1.6412e-06, 2.7297e-08, 3.5385e-03,  ..., 2.0391e-08, 4.9760e-09,
         2.7802e-09],
        [1.4468e-06, 4.3029e-07, 9.8850e-01,  ..., 3.8638e-08, 2.5259e-07,
         6.2447e-08],
        [2.4972e-08, 7.7011e-09, 1.1206e-06,  ..., 4.8662e-09, 2.7231e-06,
         2.9630e-09],
        ...,
        [9.2449e-06, 6.6709e-06, 1.0350e-02,  ..., 1.6385e-07, 5.0764e-07,
         8.4930e-08],
        [5.6308e-06, 2.3470e-04, 1.0328e-02,  ..., 3.4100e-07, 2.5012e-07,
         4.3175e-07],
        [1.6692e-05, 7.3336e-05, 1.0035e-02,  ..., 3.4864e-07, 1.7451e-06,
         9.9699e-07]], device='cuda:0'), tensor([[1.6639e-06, 2.7518e-08, 3.5500e-03,  ..., 2.0631e-08, 5.0303e-09,
         2.8107e-09],
        [1.4512e-06, 4.3265e-07, 9.8852e-01,  ..., 3.8735e-08, 2.5378e-07,
         6.2906e-08],
        [2.4932e-08, 7.7168e-09, 1.1186e-06,  ..., 4.8646e-09, 2.7193e-06,
         2.9601e-09],
        ...,
        [6.2099e-06, 4.1751e-06, 2.2415e-03,  ..., 1.1069e-06, 2.1045e-07,
         2.2723e-07],
        [5.5786e-06, 2.3459e-04, 1.0347e-02,  ..., 3.4019e-07, 2.5068e-07,
         4.3434e-07],
        [9.3130e-06, 6.6830e-06, 1.0311e-02,  ..., 1.6517e-07, 5.0970e-07,
         8.5387e-08]], device='cuda:0')]
lll:  tensor([[1.6355e-06, 2.7191e-08, 3.5501e-03,  ..., 2.0276e-08, 4.9570e-09,
         2.7674e-09],
        [1.4508e-06, 4.2927e-07, 9.8856e-01,  ..., 3.8523e-08, 2.5137e-07,
         6.2321e-08],
        [2.4873e-08, 7.6918e-09, 1.1185e-06,  ..., 4.8478e-09, 2.7160e-06,
         2.9550e-09],
        ...,
        [5.6153e-06, 2.3351e-04, 1.0394e-02,  ..., 3.4224e-07, 2.5127e-07,
         4.3530e-07],
        [9.2572e-06, 6.6315e-06, 1.0272e-02,  ..., 1.6306e-07, 5.0338e-07,
         8.4239e-08],
        [1.6719e-05, 7.3622e-05, 1.0034e-02,  ..., 3.5045e-07, 1.7532e-06,
         1.0022e-06]], device='cuda:0')
hiii torch.Size([1, 80])
GradientShap Attributions: tensor([[[[-1.8200e-08, -1.5248e-07,  2.6433e-07,  ..., -1.6323e-09,
           -8.8258e-09, -7.2680e-09],
          [ 8.2891e-08, -2.6312e-07,  2.3493e-07,  ...,  3.5351e-09,
            7.4133e-10, -2.0970e-08],
          [ 3.1093e-07,  3.2508e-07, -1.7873e-07,  ..., -6.3312e-09,
           -1.1239e-08, -1.2986e-08],
          ...,
          [ 1.0823e-11,  9.1085e-11,  1.2906e-10,  ..., -4.9878e-13,
            1.6389e-13,  4.8396e-13],
          [ 3.5490e-10,  4.5944e-10,  3.4869e-11,  ..., -5.4689e-13,
           -3.5373e-13, -8.8735e-14],
          [ 9.4117e-10,  5.3098e-10,  2.7078e-10,  ..., -3.8086e-13,
           -8.7748e-13, -3.7216e-13]],

         [[-2.9106e-07, -2.0725e-07,  1.0758e-06,  ..., -2.4497e-08,
           -2.7202e-08, -2.9285e-08],
          [-5.1926e-07, -5.4087e-07,  9.0950e-07,  ..., -5.0933e-09,
           -1.0148e-08, -4.4014e-08],
          [-1.6120e-07,  2.7500e-07, -3.7475e-07,  ..., -2.1571e-08,
           -3.4644e-08, -4.0412e-08],
          ...,
          [-7.6871e-10, -1.5405e-11, -2.3600e-13,  ...,  7.5703e-13,
            2.9471e-12,  3.1818e-12],
          [ 7.3452e-10,  5.1559e-10, -5.4814e-10,  ..., -6.4468e-14,
            1.1120e-12,  1.9203e-12],
          [ 1.6159e-09,  7.2323e-10, -4.0994e-10,  ..., -1.4081e-12,
           -2.1319e-12,  9.8314e-13]],

         [[-6.7679e-08,  6.8292e-08,  9.8776e-07,  ..., -2.4105e-08,
           -1.8809e-08, -1.9093e-08],
          [-2.2288e-07, -1.7115e-07,  8.6389e-07,  ..., -3.0981e-09,
           -1.1211e-09, -2.8472e-08],
          [-1.1329e-07,  1.7931e-07, -1.3044e-09,  ..., -6.0306e-09,
           -1.2570e-08, -2.0810e-08],
          ...,
          [-1.3259e-10,  7.2811e-12,  2.3439e-10,  ...,  1.2133e-13,
            1.6459e-12,  1.4155e-12],
          [ 1.2929e-10,  6.5653e-11, -5.0026e-10,  ...,  5.1505e-13,
            1.1737e-12,  1.1930e-12],
          [ 1.3053e-09,  1.6530e-10, -3.3511e-10,  ..., -7.7292e-13,
           -1.0063e-12,  8.2545e-13]]]], device='cuda:0')
Convergence Delta: tensor([-0.0444, -0.0221, -0.0221, -0.0221], device='cuda:0')
Average delta per example: tensor([-0.0276], device='cuda:0')