<class 'torch.Tensor'>
Inside ModifiedImageList.from_tensors
4
PREDICTIONS: [torch.Size([4000, 81]), torch.Size([4000, 320])]
lll:  tensor([[4.9508e-07, 4.7570e-08, 5.7478e-06,  ..., 4.0183e-08, 8.3246e-06,
         1.4260e-08],
        [1.5308e-06, 1.3765e-06, 9.7884e-01,  ..., 8.6730e-08, 3.8828e-06,
         1.0502e-06],
        [2.7061e-06, 2.7188e-07, 2.0569e-02,  ..., 2.1188e-07, 1.5706e-07,
         5.4390e-08],
        ...,
        [9.4899e-05, 1.9692e-05, 1.1319e-02,  ..., 1.4923e-06, 9.9375e-06,
         8.7645e-07],
        [9.4899e-05, 1.9692e-05, 1.1319e-02,  ..., 1.4923e-06, 9.9375e-06,
         8.7645e-07],
        [2.1424e-03, 2.3634e-05, 1.0434e-02,  ..., 7.2305e-07, 2.3740e-06,
         1.2870e-06]], device='cuda:0', grad_fn=<IndexBackward>)
hiii torch.Size([1, 80])
<class 'torch.Tensor'>
Inside ModifiedImageList.from_tensors
4
PREDICTIONS: [torch.Size([4000, 81]), torch.Size([4000, 320])]
lll:  tensor([], device='cuda:0', size=(0, 80))
hiii torch.Size([1, 80])
<class 'torch.Tensor'>
Inside ModifiedImageList.from_tensors
4
PREDICTIONS: [torch.Size([4000, 81]), torch.Size([4000, 320])]
lll:  tensor([[1.6323e-06, 2.7072e-08, 3.5330e-03,  ..., 2.0256e-08, 4.9401e-09,
         2.7575e-09],
        [1.4514e-06, 4.2984e-07, 9.8857e-01,  ..., 3.8458e-08, 2.5112e-07,
         6.2138e-08],
        [2.4898e-08, 7.6937e-09, 1.1171e-06,  ..., 4.8612e-09, 2.7203e-06,
         2.9518e-09],
        ...,
        [6.1845e-06, 4.1831e-06, 2.2479e-03,  ..., 1.1065e-06, 2.1052e-07,
         2.2741e-07],
        [9.3309e-06, 6.6687e-06, 1.0346e-02,  ..., 1.6416e-07, 5.0658e-07,
         8.4643e-08],
        [5.6459e-06, 2.3581e-04, 1.0341e-02,  ..., 3.4260e-07, 2.5119e-07,
         4.3506e-07]], device='cuda:0')
hiii torch.Size([1, 80])
GradientShap Attributions: tensor([[[[ 2.1364e-06,  1.6759e-06, -5.2697e-06,  ...,  9.3948e-08,
           -1.5020e-07, -1.8895e-08],
          [ 5.1268e-07,  3.4329e-06, -4.7819e-06,  ..., -1.2579e-07,
           -1.4316e-07, -3.9520e-07],
          [-4.0931e-06, -4.5653e-06, -3.0365e-08,  ..., -1.1988e-07,
           -2.2551e-07, -4.1187e-07],
          ...,
          [ 1.0620e-11, -1.0654e-12, -3.1111e-12,  ...,  4.2843e-12,
            1.4277e-12,  5.1011e-13],
          [-6.9617e-12, -2.5398e-11,  3.8846e-12,  ...,  3.2769e-12,
            3.7432e-12,  1.8024e-12],
          [-3.4026e-11, -1.6450e-11, -4.8759e-12,  ...,  1.9650e-12,
            4.1040e-12, -3.1832e-12]],

         [[ 9.8563e-06,  3.3486e-06, -1.9570e-05,  ..., -5.3469e-07,
           -4.4189e-07, -2.4457e-07],
          [ 5.9451e-06,  7.1240e-06, -1.4104e-05,  ..., -7.4613e-07,
           -4.8023e-07, -8.4593e-07],
          [-1.1828e-05, -1.4301e-05, -4.2945e-06,  ..., -5.5721e-07,
           -6.5783e-07, -1.0080e-06],
          ...,
          [ 2.8809e-12, -1.5714e-11,  3.1722e-12,  ...,  5.2349e-12,
            2.6953e-12,  4.3608e-12],
          [-6.2156e-11, -3.6858e-11,  5.7964e-11,  ...,  9.8165e-12,
            1.2115e-11,  2.1396e-12],
          [-1.0695e-10, -4.3299e-11,  4.2839e-11,  ...,  1.4346e-11,
            1.4284e-11, -2.0982e-11]],

         [[ 7.3826e-06,  5.4599e-06, -1.0358e-05,  ..., -8.2487e-07,
           -3.3554e-07, -2.0933e-07],
          [ 5.4851e-06,  7.6659e-06, -7.7173e-06,  ..., -6.9646e-07,
           -3.1325e-07, -6.4562e-07],
          [-3.4204e-06, -3.1745e-06, -2.2659e-07,  ..., -2.0519e-07,
           -3.4394e-07, -6.9296e-07],
          ...,
          [ 5.0305e-12,  5.9486e-14,  1.2663e-11,  ..., -2.4263e-12,
           -2.4608e-13,  1.4732e-12],
          [-1.9332e-11, -8.8804e-12,  4.6229e-11,  ..., -8.9663e-13,
            2.4812e-12, -1.4270e-12],
          [-9.8377e-11, -1.5146e-11,  2.2549e-11,  ...,  4.0305e-12,
            4.6895e-12, -1.7965e-11]]]], device='cuda:0')
Convergence Delta: tensor([ 6.5836, -0.3990, -0.3990, -0.3990], device='cuda:0')
Average delta per example: tensor([1.3467], device='cuda:0')

<class 'torch.Tensor'>
Inside ModifiedImageList.from_tensors
4
PREDICTIONS: [torch.Size([4000, 81]), torch.Size([4000, 320])]
lll:  tensor([[1.4893e-06, 5.8858e-08, 4.3885e-03,  ..., 4.3426e-08, 1.2041e-08,
         7.3360e-09],
        [8.3424e-07, 2.8255e-07, 9.9057e-01,  ..., 1.9377e-08, 1.1459e-07,
         1.9226e-08],
        [9.0306e-08, 1.5029e-08, 6.0275e-06,  ..., 1.4072e-08, 2.7824e-06,
         6.4070e-09],
        ...,
        [1.2170e-06, 1.2907e-06, 7.1189e-03,  ..., 5.4781e-07, 2.4179e-07,
         2.0066e-07],
        [2.3546e-06, 3.0465e-05, 1.0269e-02,  ..., 1.0217e-07, 2.3120e-07,
         6.9635e-08],
        [1.6298e-06, 8.1434e-07, 1.0086e-02,  ..., 8.7504e-09, 1.0676e-07,
         4.2797e-08]], device='cuda:0', grad_fn=<IndexBackward>)
hiii torch.Size([1, 80])
<class 'torch.Tensor'>
Inside ModifiedImageList.from_tensors
4
PREDICTIONS: [torch.Size([4000, 81]), torch.Size([4000, 320])]
lll:  tensor([], device='cuda:0', size=(0, 80))
hiii torch.Size([1, 80])
<class 'torch.Tensor'>
Inside ModifiedImageList.from_tensors
4
PREDICTIONS: [torch.Size([4000, 81]), torch.Size([4000, 320])]
lll:  tensor([[1.6364e-06, 2.7203e-08, 3.5354e-03,  ..., 2.0367e-08, 4.9680e-09,
         2.7772e-09],
        [1.4438e-06, 4.2992e-07, 9.8853e-01,  ..., 3.8418e-08, 2.5063e-07,
         6.2114e-08],
        [2.4717e-08, 7.6736e-09, 1.1158e-06,  ..., 4.8490e-09, 2.7164e-06,
         2.9461e-09],
        ...,
        [9.3376e-06, 6.6734e-06, 1.0363e-02,  ..., 1.6416e-07, 5.0591e-07,
         8.4600e-08],
        [5.5754e-06, 2.3132e-04, 1.0264e-02,  ..., 3.3664e-07, 2.4720e-07,
         4.2837e-07],
        [1.6694e-05, 7.3561e-05, 1.0004e-02,  ..., 3.4990e-07, 1.7434e-06,
         1.0005e-06]], device='cuda:0')
hiii torch.Size([1, 80])
GradientShap Attributions: tensor([[[[ 3.9947e-06, -7.6837e-06,  1.3315e-06,  ...,  5.9440e-05,
           -8.5645e-05, -1.7293e-04],
          [ 5.5277e-06, -1.1408e-05,  8.5534e-06,  ...,  2.1503e-04,
           -1.0893e-05, -1.3716e-04],
          [ 2.5136e-06, -2.5624e-07,  9.3209e-06,  ..., -6.0063e-05,
           -7.1684e-05, -7.9411e-05],
          ...,
          [ 1.4335e-07, -1.5112e-07, -2.0763e-07,  ...,  2.0122e-10,
           -6.0236e-11, -1.6137e-10],
          [-9.6477e-07, -1.0388e-06,  6.6439e-07,  ...,  4.5460e-10,
            1.0041e-09,  6.4745e-10],
          [-3.4942e-06, -1.0915e-06,  4.4585e-08,  ...,  1.2687e-10,
            1.1034e-09,  6.3221e-10]],

         [[ 7.7572e-06, -2.0476e-05, -1.6571e-05,  ..., -4.2933e-07,
           -3.0000e-04, -5.5811e-04],
          [-3.1542e-06, -2.9026e-05,  1.6142e-06,  ...,  3.6928e-04,
            2.5801e-06, -3.3850e-04],
          [-1.9602e-05, -1.0317e-05,  6.1036e-06,  ..., -8.1901e-05,
           -5.2951e-06, -1.3877e-04],
          ...,
          [ 1.2795e-06, -9.4982e-07, -1.2542e-06,  ...,  1.6349e-09,
           -1.4000e-09, -3.9366e-10],
          [-1.7541e-06, -1.7704e-06,  1.1323e-06,  ...,  2.3645e-09,
            1.8774e-09,  8.6962e-10],
          [-5.6143e-06, -2.1224e-06,  9.5187e-07,  ...,  2.7289e-09,
            3.2821e-09, -1.6124e-10]],

         [[ 3.7310e-05,  2.8855e-05,  3.7725e-05,  ..., -1.8017e-05,
           -2.2231e-04, -4.1446e-04],
          [ 3.9170e-05,  2.8425e-05,  4.6998e-05,  ...,  3.3098e-04,
            4.3670e-05, -2.2750e-04],
          [ 2.7398e-05,  3.3306e-05,  3.4038e-05,  ...,  6.6816e-05,
            1.2332e-04, -7.3186e-06],
          ...,
          [ 3.4215e-07, -7.2762e-07, -1.9056e-06,  ...,  7.1825e-10,
           -1.2529e-09, -2.5504e-10],
          [-1.7297e-07, -5.2955e-07,  6.9847e-07,  ...,  6.3025e-10,
            4.3202e-10,  5.2935e-10],
          [-4.1340e-06, -6.7757e-07,  4.3523e-07,  ...,  1.4570e-09,
            1.7099e-09, -2.2779e-10]]]], device='cuda:0')
Convergence Delta: tensor([-2.6485, -4.8774, -4.8774, -4.8774], device='cuda:0')
Average delta per example: tensor([-4.3202], device='cuda:0')

<class 'torch.Tensor'>
Inside ModifiedImageList.from_tensors
4
PREDICTIONS: [torch.Size([4000, 81]), torch.Size([4000, 320])]
lll:  tensor([[1.7532e-06, 1.2148e-07, 9.1906e-03,  ..., 9.6441e-08, 4.3336e-08,
         2.3977e-08],
        [7.1566e-08, 1.4467e-08, 1.7869e-06,  ..., 1.2312e-08, 5.6592e-06,
         1.1734e-08],
        [1.6984e-06, 9.0189e-07, 9.7957e-01,  ..., 1.0793e-07, 2.6379e-06,
         6.3357e-07],
        ...,
        [1.0593e-02, 3.1430e-06, 5.8321e-06,  ..., 8.8958e-07, 6.5570e-07,
         3.1581e-07],
        [1.5464e-02, 8.1717e-05, 7.7867e-05,  ..., 5.1013e-06, 1.2527e-05,
         1.8812e-06],
        [3.7313e-05, 2.8999e-06, 1.0169e-02,  ..., 3.1627e-08, 1.1796e-07,
         4.9718e-08]], device='cuda:0', grad_fn=<IndexBackward>)
hiii torch.Size([1, 80])
<class 'torch.Tensor'>
Inside ModifiedImageList.from_tensors
4
PREDICTIONS: [torch.Size([4000, 81]), torch.Size([4000, 320])]
lll:  tensor([], device='cuda:0', size=(0, 80))
hiii torch.Size([1, 80])
<class 'torch.Tensor'>
Inside ModifiedImageList.from_tensors
4
PREDICTIONS: [torch.Size([4000, 81]), torch.Size([4000, 320])]
lll:  tensor([[1.6410e-06, 2.7290e-08, 3.5273e-03,  ..., 2.0397e-08, 4.9689e-09,
         2.7781e-09],
        [1.4532e-06, 4.3169e-07, 9.8852e-01,  ..., 3.8794e-08, 2.5353e-07,
         6.2813e-08],
        [2.4924e-08, 7.7125e-09, 1.1217e-06,  ..., 4.8734e-09, 2.7209e-06,
         2.9599e-09],
        ...,
        [5.6083e-06, 2.3338e-04, 1.0329e-02,  ..., 3.4091e-07, 2.5001e-07,
         4.3489e-07],
        [9.3070e-06, 6.6514e-06, 1.0311e-02,  ..., 1.6383e-07, 5.0631e-07,
         8.4923e-08],
        [1.6714e-05, 7.3571e-05, 1.0031e-02,  ..., 3.4964e-07, 1.7456e-06,
         1.0001e-06]], device='cuda:0')
hiii torch.Size([1, 80])
GradientShap Attributions: tensor([[[[ 1.1956e-07,  5.5821e-08, -5.4289e-07,  ...,  5.5729e-07,
            9.5072e-08,  9.0783e-07],
          [ 5.3232e-08,  2.1881e-08, -4.2710e-07,  ..., -3.4503e-07,
           -9.7331e-08, -1.3978e-06],
          [-2.6361e-07, -4.1403e-07, -1.6196e-07,  ...,  3.9061e-07,
           -7.3076e-07, -2.3779e-06],
          ...,
          [ 1.4002e-08, -2.2446e-09,  9.6759e-10,  ...,  2.7126e-10,
            3.3070e-10,  2.6581e-10],
          [ 5.5440e-09, -5.2923e-09,  2.4539e-08,  ...,  4.2857e-10,
            1.5679e-09,  7.4678e-10],
          [ 4.8602e-08, -4.9526e-08, -7.4751e-08,  ..., -1.7386e-10,
            1.1917e-09, -8.9252e-10]],

         [[ 1.0454e-06,  5.2613e-07, -1.1164e-06,  ..., -8.0320e-07,
            5.1060e-07,  1.1236e-06],
          [ 7.2303e-07,  4.5173e-07, -6.0756e-07,  ..., -1.3843e-06,
            6.4419e-07, -2.8461e-06],
          [-3.9405e-07, -5.1102e-07,  2.5849e-07,  ..., -2.7869e-07,
           -5.1301e-07, -4.6715e-06],
          ...,
          [ 1.4416e-07,  1.3065e-07,  2.2639e-07,  ...,  3.0263e-09,
            2.0225e-09,  2.5514e-09],
          [ 4.3575e-08,  3.0292e-07,  4.2400e-07,  ...,  3.2777e-09,
            5.0928e-09,  1.2152e-09],
          [-8.1440e-08,  2.2702e-08,  1.8551e-07,  ...,  1.7982e-09,
            3.5930e-09, -6.7341e-09]],

         [[ 5.9122e-07,  3.3446e-07, -8.4566e-07,  ..., -2.6485e-07,
            5.5708e-07,  5.3662e-07],
          [ 3.2893e-07,  1.8368e-07, -5.2335e-07,  ...,  2.7297e-07,
            1.0395e-06, -2.1946e-06],
          [-2.5842e-07, -3.1893e-07, -2.4444e-08,  ...,  1.5000e-06,
            5.6395e-07, -3.0093e-06],
          ...,
          [ 4.0668e-08,  1.2259e-07,  2.1026e-07,  ...,  1.1258e-09,
            5.4782e-10,  8.1517e-10],
          [-2.4982e-08,  1.1567e-07,  3.0444e-07,  ...,  1.2923e-09,
            1.9740e-09, -1.8773e-11],
          [-1.9035e-07, -2.1280e-08,  9.4373e-08,  ...,  5.6609e-10,
            1.3037e-09, -5.4756e-09]]]], device='cuda:0')
Convergence Delta: tensor([ 0.2891, -0.0467, -0.0467, -0.0467], device='cuda:0')
Average delta per example: tensor([0.0372], device='cuda:0')

<class 'torch.Tensor'>
Inside ModifiedImageList.from_tensors
4
PREDICTIONS: [torch.Size([4000, 81]), torch.Size([4000, 320])]
lll:  tensor([[1.1294e-06, 3.5611e-08, 3.4312e-03,  ..., 2.1080e-08, 5.8267e-09,
         3.4539e-09],
        [8.8400e-07, 2.9176e-07, 9.9187e-01,  ..., 1.7954e-08, 9.1788e-08,
         1.5159e-08],
        [1.9070e-08, 6.5576e-09, 1.5780e-06,  ..., 2.7877e-09, 2.0356e-06,
         2.2833e-09],
        ...,
        [7.6578e-06, 4.2349e-06, 1.0884e-02,  ..., 2.1166e-07, 1.1076e-06,
         5.6383e-08],
        [1.0380e-05, 4.2444e-06, 2.1292e-03,  ..., 9.1760e-07, 2.2281e-07,
         2.2970e-07],
        [2.7654e-06, 3.5660e-06, 1.0390e-02,  ..., 2.4307e-07, 5.4061e-07,
         1.7735e-07]], device='cuda:0', grad_fn=<IndexBackward>)
hiii torch.Size([1, 80])
<class 'torch.Tensor'>
Inside ModifiedImageList.from_tensors
4
PREDICTIONS: [torch.Size([4000, 81]), torch.Size([4000, 320])]
lll:  tensor([], device='cuda:0', size=(0, 80))
hiii torch.Size([1, 80])
<class 'torch.Tensor'>
Inside ModifiedImageList.from_tensors
4
PREDICTIONS: [torch.Size([4000, 81]), torch.Size([4000, 320])]
lll:  tensor([[1.6509e-06, 2.7483e-08, 3.5527e-03,  ..., 2.0539e-08, 5.0132e-09,
         2.8020e-09],
        [1.4405e-06, 4.2944e-07, 9.8853e-01,  ..., 3.8418e-08, 2.5126e-07,
         6.2222e-08],
        [2.4888e-08, 7.7424e-09, 1.1234e-06,  ..., 4.8799e-09, 2.7290e-06,
         2.9698e-09],
        ...,
        [6.1974e-06, 4.1938e-06, 2.2503e-03,  ..., 1.1087e-06, 2.1091e-07,
         2.2811e-07],
        [9.2838e-06, 6.6841e-06, 1.0365e-02,  ..., 1.6425e-07, 5.0728e-07,
         8.4962e-08],
        [5.5955e-06, 2.3217e-04, 1.0344e-02,  ..., 3.3871e-07, 2.4794e-07,
         4.2970e-07]], device='cuda:0')
hiii torch.Size([1, 80])
GradientShap Attributions: tensor([[[[ 2.8338e-06,  4.3142e-06,  3.9377e-06,  ..., -4.2938e-05,
           -1.8140e-04, -8.6699e-04],
          [ 4.6620e-06,  4.2381e-06, -1.6489e-06,  ...,  9.7332e-04,
            4.6743e-04, -6.6786e-04],
          [ 8.7570e-06,  6.8708e-06, -3.8640e-06,  ...,  1.2014e-04,
            7.8932e-05, -7.5390e-04],
          ...,
          [ 2.3495e-08,  2.4618e-08,  3.0731e-08,  ...,  5.0350e-13,
            3.6630e-12, -1.0651e-12],
          [ 5.9813e-08,  5.1038e-08, -4.8631e-08,  ..., -5.3256e-12,
           -6.0888e-12, -9.2070e-12],
          [ 1.9038e-07,  7.4217e-08, -4.6776e-10,  ...,  2.5640e-12,
           -5.1896e-12, -4.4345e-13]],

         [[ 5.9867e-06,  9.0874e-06,  1.5258e-05,  ..., -1.8151e-04,
           -7.5784e-04, -2.5555e-03],
          [ 2.0218e-05,  1.2961e-05, -4.4981e-08,  ...,  1.8574e-03,
            1.1296e-03, -1.5846e-03],
          [ 3.5582e-05,  1.7558e-05, -9.1929e-06,  ...,  2.5795e-04,
            5.1506e-04, -1.3336e-03],
          ...,
          [ 5.3602e-08,  1.8845e-07,  1.5351e-07,  ..., -3.9938e-11,
           -1.4101e-11, -2.9708e-11],
          [ 1.1342e-07,  1.2967e-07,  1.4625e-08,  ..., -5.7824e-11,
           -4.7518e-11, -4.8357e-11],
          [ 2.7070e-07,  1.3066e-07,  5.6621e-09,  ..., -3.4713e-11,
           -3.1227e-11, -2.3828e-13]],

         [[-1.7326e-05, -1.9186e-05, -1.7151e-05,  ..., -2.2796e-04,
           -6.0648e-04, -1.8801e-03],
          [-1.4350e-05, -2.0107e-05, -2.5378e-05,  ...,  1.4879e-03,
            8.6659e-04, -1.1260e-03],
          [-7.9355e-06, -1.5479e-05, -2.1411e-05,  ...,  7.3654e-04,
            8.1575e-04, -6.3526e-04],
          ...,
          [-3.0156e-09,  1.3937e-07,  1.3624e-07,  ..., -8.5605e-12,
            2.5470e-12, -9.3822e-12],
          [-6.0670e-10,  3.3588e-08,  1.3931e-08,  ..., -6.4060e-12,
           -2.4882e-11, -3.1902e-11],
          [ 1.6444e-07,  3.1199e-08, -6.5170e-10,  ...,  1.3378e-12,
           -1.8189e-11, -2.4659e-12]]]], device='cuda:0')
Convergence Delta: tensor([-1.3380, -1.7481, -1.7481, -1.7481], device='cuda:0')
Average delta per example: tensor([-1.6456], device='cuda:0')

<class 'torch.Tensor'>
Inside ModifiedImageList.from_tensors
4
PREDICTIONS: [torch.Size([4000, 81]), torch.Size([4000, 320])]
lll:  tensor([[1.5847e-06, 2.6943e-08, 3.4913e-03,  ..., 2.0034e-08, 4.8880e-09,
         2.7408e-09],
        [1.4870e-06, 4.3985e-07, 9.8854e-01,  ..., 4.0228e-08, 2.6487e-07,
         6.6117e-08],
        [2.4374e-08, 7.4135e-09, 1.1080e-06,  ..., 4.6012e-09, 2.5848e-06,
         2.8060e-09],
        ...,
        [3.0895e-05, 6.0130e-05, 1.1125e-02,  ..., 1.3867e-07, 3.6389e-07,
         1.7402e-07],
        [8.5236e-04, 4.3640e-04, 2.2354e-04,  ..., 1.2864e-06, 3.7924e-06,
         3.3849e-07],
        [5.6027e-06, 2.4098e-04, 1.0161e-02,  ..., 3.3098e-07, 2.4403e-07,
         4.3240e-07]], device='cuda:0', grad_fn=<IndexBackward>)
hiii torch.Size([1, 80])
<class 'torch.Tensor'>
Inside ModifiedImageList.from_tensors
4
PREDICTIONS: [torch.Size([4000, 81]), torch.Size([4000, 320])]
lll:  tensor([], device='cuda:0', size=(0, 80))
hiii torch.Size([1, 80])
<class 'torch.Tensor'>
Inside ModifiedImageList.from_tensors
4
PREDICTIONS: [torch.Size([4000, 81]), torch.Size([4000, 320])]
lll:  tensor([[1.6351e-06, 2.7275e-08, 3.5402e-03,  ..., 2.0363e-08, 4.9725e-09,
         2.7812e-09],
        [1.4504e-06, 4.3007e-07, 9.8857e-01,  ..., 3.8524e-08, 2.5155e-07,
         6.2358e-08],
        [2.4859e-08, 7.6973e-09, 1.1164e-06,  ..., 4.8602e-09, 2.7162e-06,
         2.9533e-09],
        ...,
        [6.1798e-06, 4.1842e-06, 2.2557e-03,  ..., 1.1093e-06, 2.1075e-07,
         2.2746e-07],
        [5.6362e-06, 2.3507e-04, 1.0351e-02,  ..., 3.4178e-07, 2.5048e-07,
         4.3420e-07],
        [9.3380e-06, 6.6641e-06, 1.0339e-02,  ..., 1.6427e-07, 5.0619e-07,
         8.4706e-08]], device='cuda:0')
hiii torch.Size([1, 80])
GradientShap Attributions: tensor([[[[ 6.7530e-07,  8.1112e-07, -1.3126e-06,  ...,  1.0233e-08,
           -1.4954e-08,  7.2425e-08],
          [ 1.0479e-06, -1.1287e-07, -1.1127e-06,  ...,  1.5617e-08,
           -6.9237e-09, -2.5927e-08],
          [-1.5775e-06,  1.5093e-06, -1.7001e-06,  ...,  8.8327e-09,
           -1.7664e-09,  3.6509e-09],
          ...,
          [ 2.3605e-11, -4.3912e-11, -1.1599e-11,  ..., -2.3043e-14,
            8.7767e-15,  2.1651e-14],
          [-2.0823e-10, -1.7040e-10,  2.3489e-10,  ..., -1.5008e-13,
            7.4657e-14, -1.4041e-13],
          [-5.7441e-10, -1.5415e-10,  1.0704e-10,  ...,  1.6257e-13,
           -3.3787e-14, -3.6989e-14]],

         [[ 4.6537e-06,  3.7286e-06, -2.2115e-06,  ...,  9.3635e-09,
           -2.1406e-08,  1.5057e-07],
          [ 5.0557e-06,  2.9590e-06, -1.7733e-06,  ...,  3.0205e-08,
           -3.5101e-08, -4.9349e-08],
          [-2.9853e-08,  5.9214e-06, -1.8297e-06,  ...,  2.5800e-08,
           -2.9882e-09, -2.8735e-08],
          ...,
          [ 2.4397e-10, -1.4438e-10,  4.2551e-11,  ..., -6.2213e-13,
           -3.1600e-13, -2.4976e-13],
          [-5.0344e-10, -4.2152e-10,  4.0139e-10,  ..., -1.3274e-12,
           -2.8344e-13, -7.7635e-13],
          [-8.9673e-10, -3.5594e-10,  2.2689e-10,  ..., -3.2762e-14,
           -2.4643e-13, -2.5129e-13]],

         [[ 1.6927e-06,  1.1283e-06, -2.9571e-06,  ...,  9.1525e-09,
           -2.4226e-08,  8.4749e-08],
          [ 1.3636e-06, -6.5368e-07, -3.2643e-06,  ...,  4.2983e-08,
           -7.1800e-09, -4.2621e-08],
          [-1.5166e-06,  1.0291e-06, -2.9746e-06,  ...,  5.9335e-08,
            2.0695e-08, -4.1484e-09],
          ...,
          [ 4.2830e-11, -1.3018e-10,  6.9863e-12,  ..., -4.0689e-13,
           -7.3627e-14,  5.8091e-14],
          [-9.8073e-11, -1.5699e-10,  2.2182e-10,  ..., -6.0683e-13,
            1.1667e-13, -1.9309e-13],
          [-6.2159e-10, -1.0180e-10,  8.8964e-11,  ...,  2.5882e-13,
            7.8108e-14,  1.4200e-13]]]], device='cuda:0')
Convergence Delta: tensor([-1.5542, -1.5632, -1.5632, -1.5632], device='cuda:0')
Average delta per example: tensor([-1.5609], device='cuda:0')

<class 'torch.Tensor'>
Inside ModifiedImageList.from_tensors
4
PREDICTIONS: [torch.Size([4000, 81]), torch.Size([4000, 320])]
lll:  tensor([[1.2044e-06, 6.3141e-08, 4.7611e-03,  ..., 4.2494e-08, 1.3822e-08,
         8.2797e-09],
        [8.0111e-07, 3.0755e-07, 9.8797e-01,  ..., 2.0912e-08, 1.4066e-07,
         2.3139e-08],
        [7.7073e-08, 1.2391e-08, 5.3099e-06,  ..., 1.0973e-08, 2.4486e-06,
         5.4334e-09],
        ...,
        [1.6831e-03, 1.1265e-02, 1.1941e-02,  ..., 8.9890e-06, 6.0994e-05,
         4.2360e-06],
        [1.1100e-02, 5.0089e-05, 1.4997e-03,  ..., 6.6916e-06, 8.3672e-06,
         3.3277e-06],
        [1.1108e-05, 1.3081e-05, 1.0375e-02,  ..., 3.0367e-07, 5.8073e-07,
         4.5434e-07]], device='cuda:0', grad_fn=<IndexBackward>)
hiii torch.Size([1, 80])
<class 'torch.Tensor'>
Inside ModifiedImageList.from_tensors
4
PREDICTIONS: [torch.Size([4000, 81]), torch.Size([4000, 320])]
lll:  tensor([], device='cuda:0', size=(0, 80))
hiii torch.Size([1, 80])
<class 'torch.Tensor'>
Inside ModifiedImageList.from_tensors
4
PREDICTIONS: [torch.Size([4000, 81]), torch.Size([4000, 320])]
lll:  tensor([[1.6355e-06, 2.7191e-08, 3.5501e-03,  ..., 2.0276e-08, 4.9570e-09,
         2.7674e-09],
        [1.4508e-06, 4.2927e-07, 9.8856e-01,  ..., 3.8523e-08, 2.5137e-07,
         6.2321e-08],
        [2.4873e-08, 7.6918e-09, 1.1185e-06,  ..., 4.8478e-09, 2.7160e-06,
         2.9550e-09],
        ...,
        [5.6153e-06, 2.3351e-04, 1.0394e-02,  ..., 3.4224e-07, 2.5127e-07,
         4.3530e-07],
        [9.2572e-06, 6.6315e-06, 1.0272e-02,  ..., 1.6306e-07, 5.0338e-07,
         8.4239e-08],
        [1.6719e-05, 7.3622e-05, 1.0034e-02,  ..., 3.5045e-07, 1.7532e-06,
         1.0022e-06]], device='cuda:0')
hiii torch.Size([1, 80])
GradientShap Attributions: tensor([[[[-1.8200e-08, -1.5248e-07,  2.6433e-07,  ..., -1.6323e-09,
           -8.8258e-09, -7.2680e-09],
          [ 8.2891e-08, -2.6312e-07,  2.3493e-07,  ...,  3.5351e-09,
            7.4133e-10, -2.0970e-08],
          [ 3.1093e-07,  3.2508e-07, -1.7873e-07,  ..., -6.3312e-09,
           -1.1239e-08, -1.2986e-08],
          ...,
          [ 1.0823e-11,  9.1085e-11,  1.2906e-10,  ..., -4.9878e-13,
            1.6389e-13,  4.8396e-13],
          [ 3.5490e-10,  4.5944e-10,  3.4869e-11,  ..., -5.4689e-13,
           -3.5373e-13, -8.8735e-14],
          [ 9.4117e-10,  5.3098e-10,  2.7078e-10,  ..., -3.8086e-13,
           -8.7748e-13, -3.7216e-13]],

         [[-2.9106e-07, -2.0725e-07,  1.0758e-06,  ..., -2.4497e-08,
           -2.7202e-08, -2.9285e-08],
          [-5.1926e-07, -5.4087e-07,  9.0950e-07,  ..., -5.0933e-09,
           -1.0148e-08, -4.4014e-08],
          [-1.6120e-07,  2.7500e-07, -3.7475e-07,  ..., -2.1571e-08,
           -3.4644e-08, -4.0412e-08],
          ...,
          [-7.6871e-10, -1.5405e-11, -2.3600e-13,  ...,  7.5703e-13,
            2.9471e-12,  3.1818e-12],
          [ 7.3452e-10,  5.1559e-10, -5.4814e-10,  ..., -6.4468e-14,
            1.1120e-12,  1.9203e-12],
          [ 1.6159e-09,  7.2323e-10, -4.0994e-10,  ..., -1.4081e-12,
           -2.1319e-12,  9.8314e-13]],

         [[-6.7679e-08,  6.8292e-08,  9.8776e-07,  ..., -2.4105e-08,
           -1.8809e-08, -1.9093e-08],
          [-2.2288e-07, -1.7115e-07,  8.6389e-07,  ..., -3.0981e-09,
           -1.1211e-09, -2.8472e-08],
          [-1.1329e-07,  1.7931e-07, -1.3044e-09,  ..., -6.0306e-09,
           -1.2570e-08, -2.0810e-08],
          ...,
          [-1.3259e-10,  7.2811e-12,  2.3439e-10,  ...,  1.2133e-13,
            1.6459e-12,  1.4155e-12],
          [ 1.2929e-10,  6.5653e-11, -5.0026e-10,  ...,  5.1505e-13,
            1.1737e-12,  1.1930e-12],
          [ 1.3053e-09,  1.6530e-10, -3.3511e-10,  ..., -7.7292e-13,
           -1.0063e-12,  8.2545e-13]]]], device='cuda:0')
Convergence Delta: tensor([-0.0444, -0.0221, -0.0221, -0.0221], device='cuda:0')
Average delta per example: tensor([-0.0276], device='cuda:0')